2024-02-18 02:34:22.692 [info] Log level: Info
2024-02-18 02:34:22.692 [info] Validating found git in: "git"
2024-02-18 02:34:22.692 [info] Using git "2.43.2" from "git"
2024-02-18 02:34:22.692 [info] > git rev-parse --show-toplevel [1ms]
2024-02-18 02:34:22.692 [info] fatal: not a git repository (or any parent up to mount point /)
Stopping at filesystem boundary (GIT_DISCOVERY_ACROSS_FILESYSTEM not set).
2024-02-18 02:34:22.692 [info] > git rev-parse --show-toplevel [2ms]
2024-02-18 02:34:22.692 [info] > git rev-parse --git-dir --git-common-dir [2ms]
2024-02-18 02:34:22.692 [info] Open repository: /home/yt4a/Nextcloud/Customers/data-muztorg
2024-02-18 02:34:22.692 [info] > git config --get commit.template [7ms]
2024-02-18 02:34:22.692 [info] > git rev-parse --show-toplevel [7ms]
2024-02-18 02:34:22.692 [info] > git for-each-ref --format=%(refname)%00%(upstream:short)%00%(objectname)%00%(upstream:track)%00%(upstream:remotename)%00%(upstream:remoteref) refs/heads/production refs/remotes/production [9ms]
2024-02-18 02:34:22.692 [info] > git rev-parse --git-dir --git-common-dir [11ms]
2024-02-18 02:34:22.692 [info] Open repository: /home/yt4a/Nextcloud/Customers/gpbmobile
2024-02-18 02:34:22.692 [info] > git rev-parse --show-toplevel [3ms]
2024-02-18 02:34:22.692 [info] > git config --get commit.template [9ms]
2024-02-18 02:34:22.712 [info] > git status -z -uall [13ms]
2024-02-18 02:34:22.712 [info] > git rev-parse --git-dir --git-common-dir [7ms]
2024-02-18 02:34:22.716 [info] Open repository: /home/yt4a/Nextcloud/Customers/open_ru
2024-02-18 02:34:22.738 [info] > git for-each-ref --format=%(refname)%00%(upstream:short)%00%(objectname)%00%(upstream:track)%00%(upstream:remotename)%00%(upstream:remoteref) refs/heads/CS-145460 refs/remotes/CS-145460 [26ms]
2024-02-18 02:34:22.740 [info] > git config --get commit.template [2ms]
2024-02-18 02:34:22.740 [info] > git rev-parse --show-toplevel [7ms]
2024-02-18 02:34:22.740 [info] > git config --get commit.template [13ms]
2024-02-18 02:34:22.762 [info] > git for-each-ref --format=%(refname)%00%(upstream:short)%00%(objectname)%00%(upstream:track)%00%(upstream:remotename)%00%(upstream:remoteref) refs/heads/main refs/remotes/main [11ms]
2024-02-18 02:34:22.762 [info] > git rev-parse --git-dir --git-common-dir [15ms]
2024-02-18 02:34:22.766 [info] Open repository: /home/yt4a/Nextcloud/Customers/stockmann
2024-02-18 02:34:22.778 [info] > git status -z -uall [16ms]
2024-02-18 02:34:22.783 [info] > git for-each-ref --format=%(refname)%00%(upstream:short)%00%(objectname)%00%(upstream:track)%00%(upstream:remotename)%00%(upstream:remoteref) refs/heads/production refs/remotes/production [27ms]
2024-02-18 02:34:22.789 [info] > git rev-parse --show-toplevel [12ms]
2024-02-18 02:34:22.789 [info] fatal: not a git repository (or any parent up to mount point /)
Stopping at filesystem boundary (GIT_DISCOVERY_ACROSS_FILESYSTEM not set).
2024-02-18 02:34:22.790 [info] > git config --get commit.template [17ms]
2024-02-18 02:34:22.791 [info] > git config --get commit.template [2ms]
2024-02-18 02:34:22.811 [info] > git status -z -uall [14ms]
2024-02-18 02:34:22.823 [info] > git status -z -uall [13ms]
2024-02-18 02:34:22.826 [info] > git for-each-ref --format=%(refname)%00%(upstream:short)%00%(objectname)%00%(upstream:track)%00%(upstream:remotename)%00%(upstream:remoteref) refs/heads/CS-145460 refs/remotes/CS-145460 [20ms]
2024-02-18 02:34:22.826 [info] > git for-each-ref --format=%(refname)%00%(upstream:short)%00%(objectname)%00%(upstream:track)%00%(upstream:remotename)%00%(upstream:remoteref) refs/heads/production refs/remotes/production [24ms]
2024-02-18 02:34:22.832 [warning] ENOENT: no such file or directory, open '/home/yt4a/Nextcloud/Customers/stockmann/.git/refs/remotes/origin/production'
2024-02-18 02:34:22.832 [info] > git config --get commit.template [9ms]
2024-02-18 02:34:22.833 [info] > git rev-parse refs/remotes/origin/production [2ms]
2024-02-18 02:34:22.849 [info] > git status -z -uall [11ms]
2024-02-18 02:34:22.860 [info] > git for-each-ref --format=%(refname)%00%(upstream:short)%00%(objectname)%00%(upstream:track)%00%(upstream:remotename)%00%(upstream:remoteref) refs/heads/main refs/remotes/main [17ms]
2024-02-18 02:34:22.862 [info] > git status -z -uall [13ms]
2024-02-18 02:34:22.862 [info] > git config --get commit.template [2ms]
2024-02-18 02:34:22.878 [info] > git for-each-ref --format=%(refname)%00%(upstream:short)%00%(objectname)%00%(upstream:track)%00%(upstream:remotename)%00%(upstream:remoteref) refs/heads/production refs/remotes/production [6ms]
2024-02-18 02:34:22.884 [warning] ENOENT: no such file or directory, open '/home/yt4a/Nextcloud/Customers/stockmann/.git/refs/remotes/origin/production'
2024-02-18 02:34:22.884 [info] > git status -z -uall [7ms]
2024-02-18 02:34:22.886 [info] > git rev-parse refs/remotes/origin/production [3ms]
2024-02-18 02:34:22.894 [info] > git status -z -uall [3ms]
2024-02-18 02:34:23.313 [info] > git check-ignore -v -z --stdin [15ms]
2024-02-18 02:34:23.314 [info] > git check-ignore -v -z --stdin [11ms]
2024-02-18 02:34:23.314 [info] > git check-ignore -v -z --stdin [7ms]
2024-02-18 02:34:23.314 [info] > git check-ignore -v -z --stdin [2ms]
2024-02-18 02:34:44.434 [info] > git check-ignore -v -z --stdin [1ms]
2024-02-18 02:34:45.948 [info] > git check-ignore -v -z --stdin [1ms]
2024-02-18 02:34:47.751 [info] > git check-ignore -v -z --stdin [1ms]
2024-02-18 02:34:53.519 [info] > git check-ignore -v -z --stdin [1ms]
2024-02-18 02:34:58.796 [info] > git check-ignore -v -z --stdin [1ms]
2024-02-18 02:35:00.084 [info] > git check-ignore -v -z --stdin [2ms]
2024-02-18 02:35:02.603 [info] > git check-ignore -v -z --stdin [1ms]
2024-02-18 02:35:04.702 [info] > git ls-files --stage -- /home/yt4a/Nextcloud/Customers/open_ru/ansible/playbooks/templates/conf-available/static.open.ru.conf [1ms]
2024-02-18 02:35:04.708 [info] > git show --textconv :ansible/playbooks/templates/conf-available/static.open.ru.conf [12ms]
2024-02-18 02:35:04.709 [info] > git cat-file -s ef879dbf92dced3666e85696748a8a6501d50229 [1ms]
2024-02-18 02:37:03.002 [info] > git show --textconv :ansible/playbooks/templates/conf-available/static.open.ru.conf [6ms]
2024-02-18 02:37:03.003 [info] > git ls-files --stage -- /home/yt4a/Nextcloud/Customers/open_ru/ansible/playbooks/templates/conf-available/static.open.ru.conf [2ms]
2024-02-18 02:37:03.008 [info] > git cat-file -s ef879dbf92dced3666e85696748a8a6501d50229 [1ms]
