2024-02-19 13:09:36.401 [info] Log level: Info
2024-02-19 13:09:36.401 [info] Validating found git in: "git"
2024-02-19 13:09:36.401 [info] Using git "2.43.2" from "git"
2024-02-19 13:09:36.401 [info] > git rev-parse --show-toplevel [4ms]
2024-02-19 13:09:36.401 [info] fatal: not a git repository (or any parent up to mount point /)
Stopping at filesystem boundary (GIT_DISCOVERY_ACROSS_FILESYSTEM not set).
2024-02-19 13:09:36.401 [info] > git rev-parse --show-toplevel [9ms]
2024-02-19 13:09:36.401 [info] fatal: not a git repository (or any parent up to mount point /)
Stopping at filesystem boundary (GIT_DISCOVERY_ACROSS_FILESYSTEM not set).
2024-02-19 13:09:36.402 [info] > git rev-parse --show-toplevel [2ms]
2024-02-19 13:09:36.411 [info] > git rev-parse --git-dir --git-common-dir [1ms]
2024-02-19 13:09:36.422 [info] Open repository: /home/yt4a/Nextcloud/Customers/data-muztorg
2024-02-19 13:09:36.437 [info] > git config --get commit.template [7ms]
2024-02-19 13:09:36.440 [info] > git rev-parse --show-toplevel [5ms]
2024-02-19 13:09:36.453 [info] > git for-each-ref --format=%(refname)%00%(upstream:short)%00%(objectname)%00%(upstream:track)%00%(upstream:remotename)%00%(upstream:remoteref) refs/heads/production refs/remotes/production [7ms]
2024-02-19 13:09:36.455 [info] > git rev-parse --git-dir --git-common-dir [3ms]
2024-02-19 13:09:36.458 [info] Open repository: /home/yt4a/Nextcloud/Customers/gpbmobile
2024-02-19 13:09:36.474 [info] > git config --get commit.template [8ms]
2024-02-19 13:09:36.485 [info] > git rev-parse --show-toplevel [13ms]
2024-02-19 13:09:36.502 [info] > git status -z -uall [18ms]
2024-02-19 13:09:36.502 [info] > git rev-parse --git-dir --git-common-dir [2ms]
2024-02-19 13:09:36.506 [info] Open repository: /home/yt4a/Nextcloud/Customers/open_ru
2024-02-19 13:09:36.507 [info] > git for-each-ref --format=%(refname)%00%(upstream:short)%00%(objectname)%00%(upstream:track)%00%(upstream:remotename)%00%(upstream:remoteref) refs/heads/CS-145460 refs/remotes/CS-145460 [14ms]
2024-02-19 13:09:36.537 [info] > git config --get commit.template [3ms]
2024-02-19 13:09:36.537 [info] > git rev-parse --show-toplevel [8ms]
2024-02-19 13:09:36.538 [info] > git config --get commit.template [14ms]
2024-02-19 13:09:36.569 [info] > git status -z -uall [11ms]
2024-02-19 13:09:36.569 [info] > git for-each-ref --format=%(refname)%00%(upstream:short)%00%(objectname)%00%(upstream:track)%00%(upstream:remotename)%00%(upstream:remoteref) refs/heads/production refs/remotes/production [4ms]
2024-02-19 13:09:36.574 [info] > git for-each-ref --format=%(refname)%00%(upstream:short)%00%(objectname)%00%(upstream:track)%00%(upstream:remotename)%00%(upstream:remoteref) refs/heads/main refs/remotes/main [23ms]
2024-02-19 13:09:36.575 [info] > git rev-parse --git-dir --git-common-dir [31ms]
2024-02-19 13:09:36.579 [info] Open repository: /home/yt4a/Nextcloud/Customers/stockmann
2024-02-19 13:09:36.600 [info] > git config --get commit.template [7ms]
2024-02-19 13:09:36.600 [info] > git config --get commit.template [13ms]
2024-02-19 13:09:36.602 [info] > git rev-parse --show-toplevel [3ms]
2024-02-19 13:09:36.602 [info] fatal: not a git repository (or any parent up to mount point /)
Stopping at filesystem boundary (GIT_DISCOVERY_ACROSS_FILESYSTEM not set).
2024-02-19 13:09:36.632 [info] > git status -z -uall [23ms]
2024-02-19 13:09:36.632 [info] > git status -z -uall [9ms]
2024-02-19 13:09:36.638 [info] > git for-each-ref --format=%(refname)%00%(upstream:short)%00%(objectname)%00%(upstream:track)%00%(upstream:remotename)%00%(upstream:remoteref) refs/heads/CS-145460 refs/remotes/CS-145460 [22ms]
2024-02-19 13:09:36.646 [info] > git for-each-ref --format=%(refname)%00%(upstream:short)%00%(objectname)%00%(upstream:track)%00%(upstream:remotename)%00%(upstream:remoteref) refs/heads/production refs/remotes/production [16ms]
2024-02-19 13:09:36.652 [warning] ENOENT: no such file or directory, open '/home/yt4a/Nextcloud/Customers/stockmann/.git/refs/remotes/origin/production'
2024-02-19 13:09:36.653 [info] > git config --get commit.template [8ms]
2024-02-19 13:09:36.667 [info] > git rev-parse refs/remotes/origin/production [15ms]
2024-02-19 13:09:36.674 [info] > git status -z -uall [7ms]
2024-02-19 13:09:36.674 [info] > git for-each-ref --format=%(refname)%00%(upstream:short)%00%(objectname)%00%(upstream:track)%00%(upstream:remotename)%00%(upstream:remoteref) refs/heads/main refs/remotes/main [13ms]
2024-02-19 13:09:36.682 [info] > git status -z -uall [9ms]
2024-02-19 13:09:36.696 [info] > git status -z -uall [14ms]
2024-02-19 13:09:36.698 [info] > git config --get commit.template [3ms]
2024-02-19 13:09:36.706 [info] > git for-each-ref --format=%(refname)%00%(upstream:short)%00%(objectname)%00%(upstream:track)%00%(upstream:remotename)%00%(upstream:remoteref) refs/heads/production refs/remotes/production [2ms]
2024-02-19 13:09:36.712 [warning] ENOENT: no such file or directory, open '/home/yt4a/Nextcloud/Customers/stockmann/.git/refs/remotes/origin/production'
2024-02-19 13:09:36.713 [info] > git rev-parse refs/remotes/origin/production [1ms]
2024-02-19 13:09:36.722 [info] > git status -z -uall [3ms]
2024-02-19 13:09:36.755 [info] > git rev-parse --show-toplevel [1ms]
2024-02-19 13:09:36.755 [info] fatal: not a git repository (or any parent up to mount point /)
Stopping at filesystem boundary (GIT_DISCOVERY_ACROSS_FILESYSTEM not set).
2024-02-19 13:09:36.908 [info] > git rev-parse --show-toplevel [1ms]
2024-02-19 13:09:36.908 [info] fatal: not a git repository (or any parent up to mount point /)
Stopping at filesystem boundary (GIT_DISCOVERY_ACROSS_FILESYSTEM not set).
2024-02-19 13:09:37.162 [info] > git check-ignore -v -z --stdin [16ms]
2024-02-19 13:09:37.163 [info] > git check-ignore -v -z --stdin [12ms]
2024-02-19 13:09:37.163 [info] > git check-ignore -v -z --stdin [6ms]
2024-02-19 13:09:37.163 [info] > git check-ignore -v -z --stdin [2ms]
2024-02-19 13:09:37.722 [info] > git rev-parse --show-toplevel [1ms]
2024-02-19 13:09:37.722 [info] fatal: not a git repository (or any parent up to mount point /)
Stopping at filesystem boundary (GIT_DISCOVERY_ACROSS_FILESYSTEM not set).
2024-02-19 13:45:11.651 [info] > git config --get commit.template [5ms]
2024-02-19 13:45:11.651 [info] > git for-each-ref --format=%(refname)%00%(upstream:short)%00%(objectname)%00%(upstream:track)%00%(upstream:remotename)%00%(upstream:remoteref) refs/heads/CS-146068 refs/remotes/CS-146068 [1ms]
2024-02-19 13:45:11.659 [info] > git status -z -uall [2ms]
2024-02-19 13:59:17.033 [info] > git config --get commit.template [5ms]
2024-02-19 13:59:17.033 [info] > git for-each-ref --format=%(refname)%00%(upstream:short)%00%(objectname)%00%(upstream:track)%00%(upstream:remotename)%00%(upstream:remoteref) refs/heads/CS-146068 refs/remotes/CS-146068 [1ms]
2024-02-19 13:59:17.041 [info] > git status -z -uall [2ms]
