2024-02-18 03:40:38.733 [info] Log level: Info
2024-02-18 03:40:38.733 [info] Validating found git in: "git"
2024-02-18 03:40:38.733 [info] Using git "2.43.2" from "git"
2024-02-18 03:40:38.738 [info] > git rev-parse --show-toplevel [3ms]
2024-02-18 03:40:38.738 [info] fatal: not a git repository (or any parent up to mount point /)
Stopping at filesystem boundary (GIT_DISCOVERY_ACROSS_FILESYSTEM not set).
2024-02-18 03:40:38.749 [info] > git rev-parse --show-toplevel [4ms]
2024-02-18 03:40:38.772 [info] > git rev-parse --git-dir --git-common-dir [5ms]
2024-02-18 03:40:38.783 [info] Open repository: /home/yt4a/Nextcloud/Customers/data-muztorg
2024-02-18 03:40:38.801 [info] > git config --get commit.template [8ms]
2024-02-18 03:40:38.804 [info] > git rev-parse --show-toplevel [4ms]
2024-02-18 03:40:38.825 [info] > git rev-parse --git-dir --git-common-dir [8ms]
2024-02-18 03:40:38.831 [info] Open repository: /home/yt4a/Nextcloud/Customers/gpbmobile
2024-02-18 03:40:38.831 [info] > git for-each-ref --format=%(refname)%00%(upstream:short)%00%(objectname)%00%(upstream:track)%00%(upstream:remotename)%00%(upstream:remoteref) refs/heads/production refs/remotes/production [20ms]
2024-02-18 03:40:38.846 [info] > git rev-parse --show-toplevel [2ms]
2024-02-18 03:40:38.847 [info] > git config --get commit.template [9ms]
2024-02-18 03:40:38.867 [info] > git for-each-ref --format=%(refname)%00%(upstream:short)%00%(objectname)%00%(upstream:track)%00%(upstream:remotename)%00%(upstream:remoteref) refs/heads/CS-145460 refs/remotes/CS-145460 [8ms]
2024-02-18 03:40:38.867 [info] > git rev-parse --git-dir --git-common-dir [14ms]
2024-02-18 03:40:38.872 [info] Open repository: /home/yt4a/Nextcloud/Customers/open_ru
2024-02-18 03:40:38.885 [info] > git status -z -uall [20ms]
2024-02-18 03:40:38.903 [info] > git rev-parse --show-toplevel [19ms]
2024-02-18 03:40:38.903 [info] > git config --get commit.template [24ms]
2024-02-18 03:40:38.911 [info] > git config --get commit.template [8ms]
2024-02-18 03:40:38.923 [info] > git rev-parse --git-dir --git-common-dir [13ms]
2024-02-18 03:40:38.929 [info] Open repository: /home/yt4a/Nextcloud/Customers/stockmann
2024-02-18 03:40:38.949 [info] > git status -z -uall [31ms]
2024-02-18 03:40:38.949 [info] > git for-each-ref --format=%(refname)%00%(upstream:short)%00%(objectname)%00%(upstream:track)%00%(upstream:remotename)%00%(upstream:remoteref) refs/heads/main refs/remotes/main [27ms]
2024-02-18 03:40:38.962 [info] > git rev-parse --show-toplevel [14ms]
2024-02-18 03:40:38.962 [info] fatal: not a git repository (or any parent up to mount point /)
Stopping at filesystem boundary (GIT_DISCOVERY_ACROSS_FILESYSTEM not set).
2024-02-18 03:40:38.963 [info] > git config --get commit.template [20ms]
2024-02-18 03:40:38.963 [info] > git for-each-ref --format=%(refname)%00%(upstream:short)%00%(objectname)%00%(upstream:track)%00%(upstream:remotename)%00%(upstream:remoteref) refs/heads/production refs/remotes/production [26ms]
2024-02-18 03:40:38.974 [info] > git config --get commit.template [13ms]
2024-02-18 03:40:38.980 [info] > git rev-parse --show-toplevel [7ms]
2024-02-18 03:40:38.980 [info] fatal: not a git repository (or any parent up to mount point /)
Stopping at filesystem boundary (GIT_DISCOVERY_ACROSS_FILESYSTEM not set).
2024-02-18 03:40:38.995 [info] > git status -z -uall [10ms]
2024-02-18 03:40:38.995 [info] > git for-each-ref --format=%(refname)%00%(upstream:short)%00%(objectname)%00%(upstream:track)%00%(upstream:remotename)%00%(upstream:remoteref) refs/heads/production refs/remotes/production [15ms]
2024-02-18 03:40:38.999 [warning] ENOENT: no such file or directory, open '/home/yt4a/Nextcloud/Customers/stockmann/.git/refs/remotes/origin/production'
2024-02-18 03:40:39.004 [info] > git for-each-ref --format=%(refname)%00%(upstream:short)%00%(objectname)%00%(upstream:track)%00%(upstream:remotename)%00%(upstream:remoteref) refs/heads/CS-145460 refs/remotes/CS-145460 [15ms]
2024-02-18 03:40:39.010 [info] > git status -z -uall [16ms]
2024-02-18 03:40:39.010 [info] > git rev-parse refs/remotes/origin/production [11ms]
2024-02-18 03:40:39.019 [info] > git config --get commit.template [10ms]
2024-02-18 03:40:39.033 [info] > git status -z -uall [17ms]
2024-02-18 03:40:39.033 [info] > git status -z -uall [4ms]
2024-02-18 03:40:39.034 [info] > git for-each-ref --format=%(refname)%00%(upstream:short)%00%(objectname)%00%(upstream:track)%00%(upstream:remotename)%00%(upstream:remoteref) refs/heads/main refs/remotes/main [10ms]
2024-02-18 03:40:39.046 [info] > git config --get commit.template [3ms]
2024-02-18 03:40:39.056 [info] > git status -z -uall [5ms]
2024-02-18 03:40:39.058 [info] > git for-each-ref --format=%(refname)%00%(upstream:short)%00%(objectname)%00%(upstream:track)%00%(upstream:remotename)%00%(upstream:remoteref) refs/heads/production refs/remotes/production [3ms]
2024-02-18 03:40:39.064 [warning] ENOENT: no such file or directory, open '/home/yt4a/Nextcloud/Customers/stockmann/.git/refs/remotes/origin/production'
2024-02-18 03:40:39.065 [info] > git rev-parse refs/remotes/origin/production [1ms]
2024-02-18 03:40:39.075 [info] > git status -z -uall [5ms]
2024-02-18 03:40:39.083 [info] > git rev-parse --show-toplevel [1ms]
2024-02-18 03:40:39.083 [info] fatal: not a git repository (or any parent up to mount point /)
Stopping at filesystem boundary (GIT_DISCOVERY_ACROSS_FILESYSTEM not set).
2024-02-18 03:40:39.214 [info] > git rev-parse --show-toplevel [1ms]
2024-02-18 03:40:39.214 [info] fatal: not a git repository (or any parent up to mount point /)
Stopping at filesystem boundary (GIT_DISCOVERY_ACROSS_FILESYSTEM not set).
2024-02-18 03:40:39.478 [info] > git check-ignore -v -z --stdin [16ms]
2024-02-18 03:40:39.479 [info] > git check-ignore -v -z --stdin [11ms]
2024-02-18 03:40:39.479 [info] > git check-ignore -v -z --stdin [7ms]
2024-02-18 03:40:39.479 [info] > git check-ignore -v -z --stdin [2ms]
2024-02-18 03:40:40.163 [info] > git rev-parse --show-toplevel [2ms]
2024-02-18 03:40:40.163 [info] fatal: not a git repository (or any parent up to mount point /)
Stopping at filesystem boundary (GIT_DISCOVERY_ACROSS_FILESYSTEM not set).
