2024-02-18 02:47:49.523 [info] Log level: Info
2024-02-18 02:47:49.523 [info] Validating found git in: "git"
2024-02-18 02:47:49.523 [info] Using git "2.43.2" from "git"
2024-02-18 02:47:49.523 [info] > git rev-parse --show-toplevel [9ms]
2024-02-18 02:47:49.523 [info] fatal: not a git repository (or any parent up to mount point /)
Stopping at filesystem boundary (GIT_DISCOVERY_ACROSS_FILESYSTEM not set).
2024-02-18 02:47:49.524 [info] > git rev-parse --show-toplevel [2ms]
2024-02-18 02:47:49.531 [info] > git rev-parse --git-dir --git-common-dir [1ms]
2024-02-18 02:47:49.539 [info] Open repository: /home/yt4a/Nextcloud/Customers/data-muztorg
2024-02-18 02:47:49.553 [info] > git config --get commit.template [6ms]
2024-02-18 02:47:49.557 [info] > git rev-parse --show-toplevel [5ms]
2024-02-18 02:47:49.575 [info] > git for-each-ref --format=%(refname)%00%(upstream:short)%00%(objectname)%00%(upstream:track)%00%(upstream:remotename)%00%(upstream:remoteref) refs/heads/production refs/remotes/production [9ms]
2024-02-18 02:47:49.581 [info] > git rev-parse --git-dir --git-common-dir [9ms]
2024-02-18 02:47:49.585 [info] Open repository: /home/yt4a/Nextcloud/Customers/gpbmobile
2024-02-18 02:47:49.600 [info] > git config --get commit.template [8ms]
2024-02-18 02:47:49.609 [info] > git rev-parse --show-toplevel [10ms]
2024-02-18 02:47:49.621 [info] > git status -z -uall [13ms]
2024-02-18 02:47:49.622 [info] > git for-each-ref --format=%(refname)%00%(upstream:short)%00%(objectname)%00%(upstream:track)%00%(upstream:remotename)%00%(upstream:remoteref) refs/heads/CS-145460 refs/remotes/CS-145460 [8ms]
2024-02-18 02:47:49.636 [info] > git rev-parse --git-dir --git-common-dir [16ms]
2024-02-18 02:47:49.641 [info] Open repository: /home/yt4a/Nextcloud/Customers/open_ru
2024-02-18 02:47:49.656 [info] > git config --get commit.template [21ms]
2024-02-18 02:47:49.657 [info] > git rev-parse --show-toplevel [2ms]
2024-02-18 02:47:49.658 [info] > git config --get commit.template [10ms]
2024-02-18 02:47:49.686 [info] > git status -z -uall [21ms]
2024-02-18 02:47:49.687 [info] > git rev-parse --git-dir --git-common-dir [10ms]
2024-02-18 02:47:49.690 [info] Open repository: /home/yt4a/Nextcloud/Customers/stockmann
2024-02-18 02:47:49.691 [info] > git for-each-ref --format=%(refname)%00%(upstream:short)%00%(objectname)%00%(upstream:track)%00%(upstream:remotename)%00%(upstream:remoteref) refs/heads/production refs/remotes/production [21ms]
2024-02-18 02:47:49.714 [info] > git for-each-ref --format=%(refname)%00%(upstream:short)%00%(objectname)%00%(upstream:track)%00%(upstream:remotename)%00%(upstream:remoteref) refs/heads/main refs/remotes/main [29ms]
2024-02-18 02:47:49.715 [info] > git config --get commit.template [2ms]
2024-02-18 02:47:49.715 [info] > git rev-parse --show-toplevel [8ms]
2024-02-18 02:47:49.715 [info] fatal: not a git repository (or any parent up to mount point /)
Stopping at filesystem boundary (GIT_DISCOVERY_ACROSS_FILESYSTEM not set).
2024-02-18 02:47:49.715 [info] > git config --get commit.template [15ms]
2024-02-18 02:47:49.749 [info] > git status -z -uall [13ms]
2024-02-18 02:47:49.749 [info] > git for-each-ref --format=%(refname)%00%(upstream:short)%00%(objectname)%00%(upstream:track)%00%(upstream:remotename)%00%(upstream:remoteref) refs/heads/CS-145460 refs/remotes/CS-145460 [8ms]
2024-02-18 02:47:49.752 [info] > git for-each-ref --format=%(refname)%00%(upstream:short)%00%(objectname)%00%(upstream:track)%00%(upstream:remotename)%00%(upstream:remoteref) refs/heads/production refs/remotes/production [24ms]
2024-02-18 02:47:49.752 [info] > git rev-parse --show-toplevel [29ms]
2024-02-18 02:47:49.752 [info] fatal: not a git repository (or any parent up to mount point /)
Stopping at filesystem boundary (GIT_DISCOVERY_ACROSS_FILESYSTEM not set).
2024-02-18 02:47:49.761 [warning] ENOENT: no such file or directory, open '/home/yt4a/Nextcloud/Customers/stockmann/.git/refs/remotes/origin/production'
2024-02-18 02:47:49.761 [info] > git status -z -uall [13ms]
2024-02-18 02:47:49.777 [info] > git rev-parse refs/remotes/origin/production [16ms]
2024-02-18 02:47:49.784 [info] > git config --get commit.template [8ms]
2024-02-18 02:47:49.799 [info] > git status -z -uall [16ms]
2024-02-18 02:47:49.799 [info] > git status -z -uall [8ms]
2024-02-18 02:47:49.812 [info] > git for-each-ref --format=%(refname)%00%(upstream:short)%00%(objectname)%00%(upstream:track)%00%(upstream:remotename)%00%(upstream:remoteref) refs/heads/main refs/remotes/main [13ms]
2024-02-18 02:47:49.814 [info] > git config --get commit.template [3ms]
2024-02-18 02:47:49.830 [info] > git for-each-ref --format=%(refname)%00%(upstream:short)%00%(objectname)%00%(upstream:track)%00%(upstream:remotename)%00%(upstream:remoteref) refs/heads/production refs/remotes/production [8ms]
2024-02-18 02:47:49.838 [warning] ENOENT: no such file or directory, open '/home/yt4a/Nextcloud/Customers/stockmann/.git/refs/remotes/origin/production'
2024-02-18 02:47:49.838 [info] > git status -z -uall [9ms]
2024-02-18 02:47:49.841 [info] > git rev-parse refs/remotes/origin/production [3ms]
2024-02-18 02:47:49.850 [info] > git status -z -uall [3ms]
2024-02-18 02:47:49.908 [info] > git rev-parse --show-toplevel [1ms]
2024-02-18 02:47:49.908 [info] fatal: not a git repository (or any parent up to mount point /)
Stopping at filesystem boundary (GIT_DISCOVERY_ACROSS_FILESYSTEM not set).
2024-02-18 02:47:50.131 [info] > git rev-parse --show-toplevel [1ms]
2024-02-18 02:47:50.131 [info] fatal: not a git repository (or any parent up to mount point /)
Stopping at filesystem boundary (GIT_DISCOVERY_ACROSS_FILESYSTEM not set).
2024-02-18 02:47:50.160 [info] > git check-ignore -v -z --stdin [12ms]
2024-02-18 02:47:50.160 [info] > git check-ignore -v -z --stdin [7ms]
2024-02-18 02:47:50.160 [info] > git check-ignore -v -z --stdin [2ms]
2024-02-18 02:47:50.814 [info] > git rev-parse --show-toplevel [1ms]
2024-02-18 02:47:50.814 [info] fatal: not a git repository (or any parent up to mount point /)
Stopping at filesystem boundary (GIT_DISCOVERY_ACROSS_FILESYSTEM not set).
2024-02-18 02:47:57.203 [info] > git check-ignore -v -z --stdin [6ms]
2024-02-18 02:47:57.203 [info] > git check-ignore -v -z --stdin [1ms]
2024-02-18 02:48:21.264 [info] > git rev-parse --show-toplevel [4ms]
2024-02-18 02:48:21.264 [info] fatal: not a git repository (or any parent up to mount point /)
Stopping at filesystem boundary (GIT_DISCOVERY_ACROSS_FILESYSTEM not set).
