2024-02-20 23:22:44.034 [info] Log level: Info
2024-02-20 23:22:44.034 [info] Validating found git in: "git"
2024-02-20 23:22:44.034 [info] Using git "2.43.2" from "git"
2024-02-20 23:22:44.034 [info] > git rev-parse --show-toplevel [3ms]
2024-02-20 23:22:44.034 [info] fatal: not a git repository (or any parent up to mount point /)
Stopping at filesystem boundary (GIT_DISCOVERY_ACROSS_FILESYSTEM not set).
2024-02-20 23:22:44.034 [info] > git rev-parse --show-toplevel [2ms]
2024-02-20 23:22:44.035 [info] > git rev-parse --git-dir --git-common-dir [4ms]
2024-02-20 23:22:44.044 [info] Open repository: /home/yt4a/Nextcloud/Customers/consul
2024-02-20 23:22:44.061 [info] > git config --get commit.template [6ms]
2024-02-20 23:22:44.062 [info] > git rev-parse --show-toplevel [1ms]
2024-02-20 23:22:44.077 [info] > git rev-parse --git-dir --git-common-dir [3ms]
2024-02-20 23:22:44.081 [info] Open repository: /home/yt4a/Nextcloud/Customers/data-muztorg
2024-02-20 23:22:44.082 [info] > git for-each-ref --format=%(refname)%00%(upstream:short)%00%(objectname)%00%(upstream:track)%00%(upstream:remotename)%00%(upstream:remoteref) refs/heads/CS-146100-CS-146104 refs/remotes/CS-146100-CS-146104 [15ms]
2024-02-20 23:22:44.105 [info] > git status -z -uall [16ms]
2024-02-20 23:22:44.106 [info] > git config --get commit.template [7ms]
2024-02-20 23:22:44.116 [info] > git rev-parse --show-toplevel [12ms]
2024-02-20 23:22:44.131 [info] > git config --get commit.template [14ms]
2024-02-20 23:22:44.132 [info] > git rev-parse --git-dir --git-common-dir [1ms]
2024-02-20 23:22:44.136 [info] Open repository: /home/yt4a/Nextcloud/Customers/gpbmobile
2024-02-20 23:22:44.136 [info] > git for-each-ref --format=%(refname)%00%(upstream:short)%00%(objectname)%00%(upstream:track)%00%(upstream:remotename)%00%(upstream:remoteref) refs/heads/production refs/remotes/production [14ms]
2024-02-20 23:22:44.157 [info] > git rev-parse --show-toplevel [5ms]
2024-02-20 23:22:44.157 [info] > git config --get commit.template [10ms]
2024-02-20 23:22:44.157 [info] > git for-each-ref --format=%(refname)%00%(upstream:short)%00%(objectname)%00%(upstream:track)%00%(upstream:remotename)%00%(upstream:remoteref) refs/heads/CS-146100-CS-146104 refs/remotes/CS-146100-CS-146104 [14ms]
2024-02-20 23:22:44.186 [info] > git status -z -uall [22ms]
2024-02-20 23:22:44.189 [info] > git status -z -uall [4ms]
2024-02-20 23:22:44.194 [info] > git for-each-ref --format=%(refname)%00%(upstream:short)%00%(objectname)%00%(upstream:track)%00%(upstream:remotename)%00%(upstream:remoteref) refs/heads/CS-145460 refs/remotes/CS-145460 [15ms]
2024-02-20 23:22:44.194 [info] > git rev-parse --git-dir --git-common-dir [22ms]
2024-02-20 23:22:44.197 [info] Open repository: /home/yt4a/Nextcloud/Customers/open_ru
2024-02-20 23:22:44.216 [info] > git config --get commit.template [6ms]
2024-02-20 23:22:44.216 [info] > git config --get commit.template [11ms]
2024-02-20 23:22:44.218 [info] > git rev-parse --show-toplevel [3ms]
2024-02-20 23:22:44.244 [info] > git status -z -uall [14ms]
2024-02-20 23:22:44.244 [info] > git rev-parse --git-dir --git-common-dir [2ms]
2024-02-20 23:22:44.247 [info] Open repository: /home/yt4a/Nextcloud/Customers/stockmann
2024-02-20 23:22:44.248 [info] > git for-each-ref --format=%(refname)%00%(upstream:short)%00%(objectname)%00%(upstream:track)%00%(upstream:remotename)%00%(upstream:remoteref) refs/heads/main refs/remotes/main [13ms]
2024-02-20 23:22:44.253 [info] > git for-each-ref --format=%(refname)%00%(upstream:short)%00%(objectname)%00%(upstream:track)%00%(upstream:remotename)%00%(upstream:remoteref) refs/heads/production refs/remotes/production [29ms]
2024-02-20 23:22:44.276 [info] > git config --get commit.template [3ms]
2024-02-20 23:22:44.276 [info] > git config --get commit.template [13ms]
2024-02-20 23:22:44.303 [info] > git status -z -uall [12ms]
2024-02-20 23:22:44.303 [info] > git status -z -uall [1ms]
2024-02-20 23:22:44.304 [info] > git for-each-ref --format=%(refname)%00%(upstream:short)%00%(objectname)%00%(upstream:track)%00%(upstream:remotename)%00%(upstream:remoteref) refs/heads/CS-145460 refs/remotes/CS-145460 [6ms]
2024-02-20 23:22:44.309 [info] > git for-each-ref --format=%(refname)%00%(upstream:short)%00%(objectname)%00%(upstream:track)%00%(upstream:remotename)%00%(upstream:remoteref) refs/heads/production refs/remotes/production [25ms]
2024-02-20 23:22:44.324 [warning] ENOENT: no such file or directory, open '/home/yt4a/Nextcloud/Customers/stockmann/.git/refs/remotes/origin/production'
2024-02-20 23:22:44.328 [info] > git rev-parse refs/remotes/origin/production [4ms]
2024-02-20 23:22:44.333 [info] > git config --get commit.template [16ms]
2024-02-20 23:22:44.347 [info] > git status -z -uall [14ms]
2024-02-20 23:22:44.347 [info] > git status -z -uall [6ms]
2024-02-20 23:22:44.358 [info] > git for-each-ref --format=%(refname)%00%(upstream:short)%00%(objectname)%00%(upstream:track)%00%(upstream:remotename)%00%(upstream:remoteref) refs/heads/main refs/remotes/main [12ms]
2024-02-20 23:22:44.359 [info] > git config --get commit.template [1ms]
2024-02-20 23:22:44.373 [info] > git for-each-ref --format=%(refname)%00%(upstream:short)%00%(objectname)%00%(upstream:track)%00%(upstream:remotename)%00%(upstream:remoteref) refs/heads/production refs/remotes/production [6ms]
2024-02-20 23:22:44.379 [warning] ENOENT: no such file or directory, open '/home/yt4a/Nextcloud/Customers/stockmann/.git/refs/remotes/origin/production'
2024-02-20 23:22:44.379 [info] > git status -z -uall [7ms]
2024-02-20 23:22:44.381 [info] > git rev-parse refs/remotes/origin/production [2ms]
2024-02-20 23:22:44.389 [info] > git status -z -uall [3ms]
2024-02-20 23:22:44.418 [info] > git rev-parse --show-toplevel [1ms]
2024-02-20 23:22:44.418 [info] fatal: not a git repository (or any parent up to mount point /)
Stopping at filesystem boundary (GIT_DISCOVERY_ACROSS_FILESYSTEM not set).
2024-02-20 23:22:44.433 [info] > git rev-parse --show-toplevel [1ms]
2024-02-20 23:22:44.433 [info] fatal: not a git repository (or any parent up to mount point /)
Stopping at filesystem boundary (GIT_DISCOVERY_ACROSS_FILESYSTEM not set).
2024-02-20 23:22:44.582 [info] > git rev-parse --show-toplevel [1ms]
2024-02-20 23:22:44.582 [info] fatal: not a git repository (or any parent up to mount point /)
Stopping at filesystem boundary (GIT_DISCOVERY_ACROSS_FILESYSTEM not set).
2024-02-20 23:22:44.597 [info] > git check-ignore -v -z --stdin [1ms]
2024-02-20 23:22:44.764 [info] > git rev-parse --show-toplevel [1ms]
2024-02-20 23:22:44.764 [info] fatal: not a git repository (or any parent up to mount point /)
Stopping at filesystem boundary (GIT_DISCOVERY_ACROSS_FILESYSTEM not set).
2024-02-20 23:22:44.782 [info] > git show --textconv :ansible/roles/ansible-consul/templates/service-prod.service.pulse.insure.json.j2 [7ms]
2024-02-20 23:22:44.783 [info] > git ls-files --stage -- /home/yt4a/Nextcloud/Customers/consul/ansible/roles/ansible-consul/templates/service-prod.service.pulse.insure.json.j2 [1ms]
2024-02-20 23:22:44.788 [info] > git cat-file -s 0bb1d2a18a67d0bc8a15fe7866e4df21e49166a7 [1ms]
2024-02-20 23:22:45.167 [info] > git rev-parse --show-toplevel [1ms]
2024-02-20 23:22:45.167 [info] fatal: not a git repository (or any parent up to mount point /)
Stopping at filesystem boundary (GIT_DISCOVERY_ACROSS_FILESYSTEM not set).
