2024-02-18 02:34:21.990 [info] Added views:workbench.panel.markers.view in workbench.panel.markers
2024-02-18 02:34:21.990 [info] Added views:workbench.panel.output in workbench.panel.output
2024-02-18 02:34:21.990 [info] Added views:terminal in terminal
2024-02-18 02:34:21.990 [info] Added views:outline in workbench.view.explorer
2024-02-18 02:34:21.990 [info] Added views:workbench.scm in workbench.view.scm
2024-02-18 02:34:21.990 [info] Added views:workbench.view.search in workbench.view.search
2024-02-18 02:34:21.990 [info] Added views:timeline in workbench.view.explorer
2024-02-18 02:34:21.990 [info] Added views:workbench.explorer.emptyView in workbench.view.explorer
2024-02-18 02:34:22.309 [info] Added views:workbench.debug.welcome in workbench.view.debug
2024-02-18 02:34:22.375 [info] Added views:~remote.forwardedPorts in ~remote.forwardedPortsContainer
2024-02-18 02:34:22.547 [info] Added views:workbench.panel.repl.view in workbench.panel.repl
2024-02-18 02:35:42.855 [info] Added views:workbench.panel.markers.view in workbench.panel.markers
2024-02-18 02:35:42.855 [info] Added views:workbench.panel.output in workbench.panel.output
2024-02-18 02:35:42.855 [info] Added views:terminal in terminal
2024-02-18 02:35:42.855 [info] Added views:outline in workbench.view.explorer
2024-02-18 02:35:42.855 [info] Added views:workbench.scm in workbench.view.scm
2024-02-18 02:35:42.855 [info] Added views:workbench.view.search in workbench.view.search
2024-02-18 02:35:42.855 [info] Added views:timeline in workbench.view.explorer
2024-02-18 02:35:42.855 [info] Added views:workbench.explorer.fileView in workbench.view.explorer
2024-02-18 02:35:43.153 [info] Added views:workbench.debug.variablesView,workbench.debug.watchExpressionsView,workbench.debug.callStackView,workbench.debug.breakPointsView in workbench.view.debug
2024-02-18 02:35:43.215 [info] Added views:workbench.panel.repl.view in workbench.panel.repl
2024-02-18 02:35:43.216 [info] Removed views:workbench.debug.breakPointsView,workbench.debug.callStackView,workbench.debug.watchExpressionsView,workbench.debug.variablesView from workbench.view.debug
2024-02-18 02:35:43.217 [info] Added views:workbench.debug.welcome in workbench.view.debug
2024-02-18 02:35:43.300 [info] Added views:~remote.forwardedPorts in ~remote.forwardedPortsContainer
