2024-02-19 17:35:40.154 [info] Log level: Info
2024-02-19 17:35:40.154 [info] Validating found git in: "git"
2024-02-19 17:35:40.154 [info] Using git "2.43.2" from "git"
2024-02-19 17:35:40.154 [info] > git rev-parse --show-toplevel [1ms]
2024-02-19 17:35:40.154 [info] fatal: not a git repository (or any parent up to mount point /)
Stopping at filesystem boundary (GIT_DISCOVERY_ACROSS_FILESYSTEM not set).
2024-02-19 17:35:40.154 [info] > git rev-parse --show-toplevel [2ms]
2024-02-19 17:35:40.154 [info] > git rev-parse --git-dir --git-common-dir [2ms]
2024-02-19 17:35:40.154 [info] Open repository: /home/yt4a/Nextcloud/Customers/consul
2024-02-19 17:35:40.154 [info] > git config --get commit.template [8ms]
2024-02-19 17:35:40.154 [info] > git rev-parse --show-toplevel [4ms]
2024-02-19 17:35:40.154 [info] > git for-each-ref --format=%(refname)%00%(upstream:short)%00%(objectname)%00%(upstream:track)%00%(upstream:remotename)%00%(upstream:remoteref) refs/heads/CS-146100-CS-146104 refs/remotes/CS-146100-CS-146104 [9ms]
2024-02-19 17:35:40.154 [info] > git status -z -uall [11ms]
2024-02-19 17:35:40.154 [info] > git rev-parse --git-dir --git-common-dir [23ms]
2024-02-19 17:35:40.154 [info] Open repository: /home/yt4a/Nextcloud/Customers/data-muztorg
2024-02-19 17:35:40.155 [info] > git rev-parse --show-toplevel [7ms]
2024-02-19 17:35:40.155 [info] > git config --get commit.template [13ms]
2024-02-19 17:35:40.156 [info] > git config --get commit.template [18ms]
2024-02-19 17:35:40.175 [info] > git rev-parse --git-dir --git-common-dir [12ms]
2024-02-19 17:35:40.181 [info] Open repository: /home/yt4a/Nextcloud/Customers/gpbmobile
2024-02-19 17:35:40.187 [info] > git for-each-ref --format=%(refname)%00%(upstream:short)%00%(objectname)%00%(upstream:track)%00%(upstream:remotename)%00%(upstream:remoteref) refs/heads/production refs/remotes/production [12ms]
2024-02-19 17:35:40.188 [info] > git for-each-ref --format=%(refname)%00%(upstream:short)%00%(objectname)%00%(upstream:track)%00%(upstream:remotename)%00%(upstream:remoteref) refs/heads/CS-146100-CS-146104 refs/remotes/CS-146100-CS-146104 [19ms]
2024-02-19 17:35:40.202 [info] > git status -z -uall [7ms]
2024-02-19 17:35:40.203 [info] > git config --get commit.template [17ms]
2024-02-19 17:35:40.212 [info] > git rev-parse --show-toplevel [9ms]
2024-02-19 17:35:40.223 [info] > git status -z -uall [5ms]
2024-02-19 17:35:40.228 [info] > git for-each-ref --format=%(refname)%00%(upstream:short)%00%(objectname)%00%(upstream:track)%00%(upstream:remotename)%00%(upstream:remoteref) refs/heads/CS-145460 refs/remotes/CS-145460 [17ms]
2024-02-19 17:35:40.233 [info] > git rev-parse --git-dir --git-common-dir [11ms]
2024-02-19 17:35:40.237 [info] Open repository: /home/yt4a/Nextcloud/Customers/open_ru
2024-02-19 17:35:40.247 [info] > git config --get commit.template [14ms]
2024-02-19 17:35:40.250 [info] > git rev-parse --show-toplevel [3ms]
2024-02-19 17:35:40.250 [info] > git config --get commit.template [7ms]
2024-02-19 17:35:40.273 [info] > git status -z -uall [12ms]
2024-02-19 17:35:40.273 [info] > git for-each-ref --format=%(refname)%00%(upstream:short)%00%(objectname)%00%(upstream:track)%00%(upstream:remotename)%00%(upstream:remoteref) refs/heads/production refs/remotes/production [18ms]
2024-02-19 17:35:40.275 [info] > git for-each-ref --format=%(refname)%00%(upstream:short)%00%(objectname)%00%(upstream:track)%00%(upstream:remotename)%00%(upstream:remoteref) refs/heads/main refs/remotes/main [3ms]
2024-02-19 17:35:40.279 [info] > git rev-parse --git-dir --git-common-dir [12ms]
2024-02-19 17:35:40.282 [info] Open repository: /home/yt4a/Nextcloud/Customers/stockmann
2024-02-19 17:35:40.301 [info] > git config --get commit.template [5ms]
2024-02-19 17:35:40.301 [info] > git config --get commit.template [12ms]
2024-02-19 17:35:40.323 [info] > git status -z -uall [17ms]
2024-02-19 17:35:40.323 [info] > git status -z -uall [11ms]
2024-02-19 17:35:40.323 [info] > git for-each-ref --format=%(refname)%00%(upstream:short)%00%(objectname)%00%(upstream:track)%00%(upstream:remotename)%00%(upstream:remoteref) refs/heads/CS-145460 refs/remotes/CS-145460 [7ms]
2024-02-19 17:35:40.335 [info] > git for-each-ref --format=%(refname)%00%(upstream:short)%00%(objectname)%00%(upstream:track)%00%(upstream:remotename)%00%(upstream:remoteref) refs/heads/production refs/remotes/production [14ms]
2024-02-19 17:35:40.341 [warning] ENOENT: no such file or directory, open '/home/yt4a/Nextcloud/Customers/stockmann/.git/refs/remotes/origin/production'
2024-02-19 17:35:40.342 [info] > git config --get commit.template [7ms]
2024-02-19 17:35:40.342 [info] > git rev-parse refs/remotes/origin/production [1ms]
2024-02-19 17:35:40.357 [info] > git status -z -uall [10ms]
2024-02-19 17:35:40.357 [info] > git status -z -uall [5ms]
2024-02-19 17:35:40.367 [info] > git for-each-ref --format=%(refname)%00%(upstream:short)%00%(objectname)%00%(upstream:track)%00%(upstream:remotename)%00%(upstream:remoteref) refs/heads/main refs/remotes/main [11ms]
2024-02-19 17:35:40.368 [info] > git config --get commit.template [2ms]
2024-02-19 17:35:40.380 [info] > git for-each-ref --format=%(refname)%00%(upstream:short)%00%(objectname)%00%(upstream:track)%00%(upstream:remotename)%00%(upstream:remoteref) refs/heads/production refs/remotes/production [8ms]
2024-02-19 17:35:40.385 [warning] ENOENT: no such file or directory, open '/home/yt4a/Nextcloud/Customers/stockmann/.git/refs/remotes/origin/production'
2024-02-19 17:35:40.385 [info] > git status -z -uall [6ms]
2024-02-19 17:35:40.387 [info] > git rev-parse refs/remotes/origin/production [1ms]
2024-02-19 17:35:40.393 [info] > git status -z -uall [2ms]
2024-02-19 17:35:40.430 [info] > git rev-parse --show-toplevel [2ms]
2024-02-19 17:35:40.430 [info] fatal: not a git repository (or any parent up to mount point /)
Stopping at filesystem boundary (GIT_DISCOVERY_ACROSS_FILESYSTEM not set).
2024-02-19 17:35:40.476 [info] > git rev-parse --show-toplevel [1ms]
2024-02-19 17:35:40.476 [info] fatal: not a git repository (or any parent up to mount point /)
Stopping at filesystem boundary (GIT_DISCOVERY_ACROSS_FILESYSTEM not set).
2024-02-19 17:35:40.602 [info] > git rev-parse --show-toplevel [1ms]
2024-02-19 17:35:40.602 [info] fatal: not a git repository (or any parent up to mount point /)
Stopping at filesystem boundary (GIT_DISCOVERY_ACROSS_FILESYSTEM not set).
2024-02-19 17:35:40.639 [info] > git check-ignore -v -z --stdin [1ms]
2024-02-19 17:35:40.751 [info] > git rev-parse --show-toplevel [1ms]
2024-02-19 17:35:40.751 [info] fatal: not a git repository (or any parent up to mount point /)
Stopping at filesystem boundary (GIT_DISCOVERY_ACROSS_FILESYSTEM not set).
2024-02-19 17:35:40.800 [info] > git show --textconv :ansible/roles/ansible-consul/tasks/services.yml [6ms]
2024-02-19 17:35:40.801 [info] > git ls-files --stage -- /home/yt4a/Nextcloud/Customers/consul/ansible/roles/ansible-consul/tasks/services.yml [1ms]
2024-02-19 17:35:40.809 [info] > git cat-file -s 1b28fd24b04d4f4e8b61f82f8eb5f77246a86ee9 [2ms]
2024-02-19 17:35:41.241 [info] > git rev-parse --show-toplevel [1ms]
2024-02-19 17:35:41.241 [info] fatal: not a git repository (or any parent up to mount point /)
Stopping at filesystem boundary (GIT_DISCOVERY_ACROSS_FILESYSTEM not set).
2024-02-19 17:35:51.909 [info] > git show --textconv :ansible/roles/ansible-consul/templates/service-prod.service.pulse.insure.json.j2 [6ms]
2024-02-19 17:35:51.910 [info] > git ls-files --stage -- /home/yt4a/Nextcloud/Customers/consul/ansible/roles/ansible-consul/templates/service-prod.service.pulse.insure.json.j2 [1ms]
2024-02-19 17:35:51.915 [info] > git cat-file -s 0bb1d2a18a67d0bc8a15fe7866e4df21e49166a7 [1ms]
2024-02-19 17:35:52.241 [info] > git check-ignore -v -z --stdin [2ms]
2024-02-19 20:36:01.897 [info] > git config --get commit.template [6ms]
2024-02-19 20:36:01.897 [info] > git for-each-ref --format=%(refname)%00%(upstream:short)%00%(objectname)%00%(upstream:track)%00%(upstream:remotename)%00%(upstream:remoteref) refs/heads/main refs/remotes/main [1ms]
2024-02-19 20:36:01.907 [info] > git status -z -uall [6ms]
