2024-02-18 02:34:37.001 [info] Log level: Info
2024-02-18 02:34:37.001 [info] Validating found git in: "git"
2024-02-18 02:34:37.001 [info] Using git "2.43.2" from "git"
2024-02-18 02:35:08.243 [info] > git rev-parse --show-toplevel [1ms]
2024-02-18 02:35:28.581 [info] > git rev-parse --show-toplevel [1ms]
2024-02-18 02:35:28.586 [info] > git rev-parse --git-dir --git-common-dir [1ms]
2024-02-18 02:35:28.593 [info] Open repository: /home/yt4a/Nextcloud/Customers/open_ru
2024-02-18 02:35:28.600 [info] > git config --get commit.template [1ms]
2024-02-18 02:35:28.605 [info] > git for-each-ref --format=%(refname)%00%(upstream:short)%00%(objectname)%00%(upstream:track)%00%(upstream:remotename)%00%(upstream:remoteref) refs/heads/main refs/remotes/main [1ms]
2024-02-18 02:35:28.613 [info] > git status -z -uall [2ms]
2024-02-18 02:35:28.628 [info] > git config --get commit.template [6ms]
2024-02-18 02:35:28.629 [info] > git for-each-ref --format=%(refname)%00%(upstream:short)%00%(objectname)%00%(upstream:track)%00%(upstream:remotename)%00%(upstream:remoteref) refs/heads/main refs/remotes/main [1ms]
2024-02-18 02:35:28.635 [info] > git status -z -uall [2ms]
2024-02-18 02:35:45.936 [info] Log level: Info
2024-02-18 02:35:45.936 [info] Validating found git in: "git"
2024-02-18 02:35:45.936 [info] Using git "2.43.2" from "git"
2024-02-18 02:35:45.937 [info] > git rev-parse --show-toplevel [1ms]
2024-02-18 02:35:45.937 [info] fatal: not a git repository (or any parent up to mount point /)
Stopping at filesystem boundary (GIT_DISCOVERY_ACROSS_FILESYSTEM not set).
2024-02-18 02:35:45.945 [info] > git rev-parse --show-toplevel [1ms]
2024-02-18 02:35:45.945 [info] fatal: not a git repository (or any parent up to mount point /)
Stopping at filesystem boundary (GIT_DISCOVERY_ACROSS_FILESYSTEM not set).
2024-02-18 02:35:45.953 [info] > git rev-parse --show-toplevel [1ms]
2024-02-18 02:35:45.953 [info] fatal: not a git repository (or any parent up to mount point /)
Stopping at filesystem boundary (GIT_DISCOVERY_ACROSS_FILESYSTEM not set).
2024-02-18 02:35:45.958 [info] > git rev-parse --show-toplevel [1ms]
2024-02-18 02:35:45.958 [info] fatal: this operation must be run in a work tree
2024-02-18 02:35:45.963 [info] > git rev-parse --show-toplevel [1ms]
2024-02-18 02:35:45.963 [info] fatal: not a git repository (or any parent up to mount point /)
Stopping at filesystem boundary (GIT_DISCOVERY_ACROSS_FILESYSTEM not set).
2024-02-18 02:35:45.970 [info] > git rev-parse --show-toplevel [1ms]
2024-02-18 02:35:45.970 [info] fatal: not a git repository (or any parent up to mount point /)
Stopping at filesystem boundary (GIT_DISCOVERY_ACROSS_FILESYSTEM not set).
2024-02-18 02:35:45.976 [info] > git rev-parse --show-toplevel [1ms]
2024-02-18 02:35:45.976 [info] fatal: not a git repository (or any parent up to mount point /)
Stopping at filesystem boundary (GIT_DISCOVERY_ACROSS_FILESYSTEM not set).
2024-02-18 02:35:45.984 [info] > git rev-parse --show-toplevel [1ms]
2024-02-18 02:35:45.984 [info] fatal: not a git repository (or any parent up to mount point /)
Stopping at filesystem boundary (GIT_DISCOVERY_ACROSS_FILESYSTEM not set).
2024-02-18 02:35:45.990 [info] > git rev-parse --show-toplevel [1ms]
2024-02-18 02:35:45.990 [info] fatal: not a git repository (or any parent up to mount point /)
Stopping at filesystem boundary (GIT_DISCOVERY_ACROSS_FILESYSTEM not set).
2024-02-18 02:35:45.996 [info] > git rev-parse --show-toplevel [1ms]
2024-02-18 02:35:45.996 [info] fatal: not a git repository (or any parent up to mount point /)
Stopping at filesystem boundary (GIT_DISCOVERY_ACROSS_FILESYSTEM not set).
2024-02-18 02:35:46.006 [info] > git rev-parse --show-toplevel [1ms]
2024-02-18 02:35:46.006 [info] fatal: not a git repository (or any parent up to mount point /)
Stopping at filesystem boundary (GIT_DISCOVERY_ACROSS_FILESYSTEM not set).
2024-02-18 02:35:46.015 [info] > git rev-parse --show-toplevel [1ms]
2024-02-18 02:35:46.015 [info] fatal: not a git repository (or any parent up to mount point /)
Stopping at filesystem boundary (GIT_DISCOVERY_ACROSS_FILESYSTEM not set).
2024-02-18 02:35:46.025 [info] > git rev-parse --show-toplevel [1ms]
2024-02-18 02:35:46.025 [info] fatal: not a git repository (or any parent up to mount point /)
Stopping at filesystem boundary (GIT_DISCOVERY_ACROSS_FILESYSTEM not set).
2024-02-18 02:35:46.032 [info] > git rev-parse --show-toplevel [1ms]
2024-02-18 02:35:46.032 [info] fatal: not a git repository (or any parent up to mount point /)
Stopping at filesystem boundary (GIT_DISCOVERY_ACROSS_FILESYSTEM not set).
2024-02-18 02:35:46.038 [info] > git rev-parse --show-toplevel [1ms]
2024-02-18 02:35:46.038 [info] fatal: not a git repository (or any parent up to mount point /)
Stopping at filesystem boundary (GIT_DISCOVERY_ACROSS_FILESYSTEM not set).
2024-02-18 02:35:46.044 [info] > git rev-parse --show-toplevel [1ms]
2024-02-18 02:35:46.045 [info] fatal: not a git repository (or any parent up to mount point /)
Stopping at filesystem boundary (GIT_DISCOVERY_ACROSS_FILESYSTEM not set).
2024-02-18 02:35:46.051 [info] > git rev-parse --show-toplevel [1ms]
2024-02-18 02:35:46.051 [info] fatal: not a git repository (or any parent up to mount point /)
Stopping at filesystem boundary (GIT_DISCOVERY_ACROSS_FILESYSTEM not set).
2024-02-18 02:35:46.058 [info] > git rev-parse --show-toplevel [2ms]
2024-02-18 02:35:46.058 [info] fatal: not a git repository (or any parent up to mount point /)
Stopping at filesystem boundary (GIT_DISCOVERY_ACROSS_FILESYSTEM not set).
2024-02-18 02:35:46.066 [info] > git rev-parse --show-toplevel [1ms]
2024-02-18 02:35:46.066 [info] fatal: not a git repository (or any parent up to mount point /)
Stopping at filesystem boundary (GIT_DISCOVERY_ACROSS_FILESYSTEM not set).
2024-02-18 02:35:46.073 [info] > git rev-parse --show-toplevel [1ms]
2024-02-18 02:35:46.073 [info] fatal: not a git repository (or any parent up to mount point /)
Stopping at filesystem boundary (GIT_DISCOVERY_ACROSS_FILESYSTEM not set).
2024-02-18 02:35:46.080 [info] > git rev-parse --show-toplevel [1ms]
2024-02-18 02:35:46.080 [info] fatal: not a git repository (or any parent up to mount point /)
Stopping at filesystem boundary (GIT_DISCOVERY_ACROSS_FILESYSTEM not set).
2024-02-18 02:35:46.087 [info] > git rev-parse --show-toplevel [1ms]
2024-02-18 02:35:46.087 [info] fatal: not a git repository (or any parent up to mount point /)
Stopping at filesystem boundary (GIT_DISCOVERY_ACROSS_FILESYSTEM not set).
2024-02-18 02:35:46.094 [info] > git rev-parse --show-toplevel [1ms]
2024-02-18 02:35:46.094 [info] fatal: not a git repository (or any parent up to mount point /)
Stopping at filesystem boundary (GIT_DISCOVERY_ACROSS_FILESYSTEM not set).
2024-02-18 02:35:46.100 [info] > git rev-parse --show-toplevel [1ms]
2024-02-18 02:35:46.100 [info] fatal: not a git repository (or any parent up to mount point /)
Stopping at filesystem boundary (GIT_DISCOVERY_ACROSS_FILESYSTEM not set).
2024-02-18 02:35:46.107 [info] > git rev-parse --show-toplevel [1ms]
2024-02-18 02:35:46.107 [info] fatal: not a git repository (or any parent up to mount point /)
Stopping at filesystem boundary (GIT_DISCOVERY_ACROSS_FILESYSTEM not set).
2024-02-18 02:35:46.114 [info] > git rev-parse --show-toplevel [1ms]
2024-02-18 02:35:46.114 [info] fatal: not a git repository (or any parent up to mount point /)
Stopping at filesystem boundary (GIT_DISCOVERY_ACROSS_FILESYSTEM not set).
2024-02-18 02:35:46.120 [info] > git rev-parse --show-toplevel [1ms]
2024-02-18 02:35:46.120 [info] fatal: not a git repository (or any parent up to mount point /)
Stopping at filesystem boundary (GIT_DISCOVERY_ACROSS_FILESYSTEM not set).
2024-02-18 02:35:46.126 [info] > git rev-parse --show-toplevel [1ms]
2024-02-18 02:35:46.126 [info] fatal: not a git repository (or any parent up to mount point /)
Stopping at filesystem boundary (GIT_DISCOVERY_ACROSS_FILESYSTEM not set).
2024-02-18 02:35:46.132 [info] > git rev-parse --show-toplevel [1ms]
2024-02-18 02:35:46.132 [info] fatal: not a git repository (or any parent up to mount point /)
Stopping at filesystem boundary (GIT_DISCOVERY_ACROSS_FILESYSTEM not set).
2024-02-18 02:35:46.138 [info] > git rev-parse --show-toplevel [1ms]
2024-02-18 02:35:46.138 [info] fatal: not a git repository (or any parent up to mount point /)
Stopping at filesystem boundary (GIT_DISCOVERY_ACROSS_FILESYSTEM not set).
2024-02-18 02:35:46.145 [info] > git rev-parse --show-toplevel [1ms]
2024-02-18 02:35:46.145 [info] fatal: not a git repository (or any parent up to mount point /)
Stopping at filesystem boundary (GIT_DISCOVERY_ACROSS_FILESYSTEM not set).
2024-02-18 02:35:46.151 [info] > git rev-parse --show-toplevel [1ms]
2024-02-18 02:35:46.151 [info] fatal: not a git repository (or any parent up to mount point /)
Stopping at filesystem boundary (GIT_DISCOVERY_ACROSS_FILESYSTEM not set).
2024-02-18 02:35:46.156 [info] > git rev-parse --show-toplevel [0ms]
2024-02-18 02:35:46.156 [info] fatal: not a git repository (or any parent up to mount point /)
Stopping at filesystem boundary (GIT_DISCOVERY_ACROSS_FILESYSTEM not set).
2024-02-18 02:35:46.162 [info] > git rev-parse --show-toplevel [1ms]
2024-02-18 02:35:46.162 [info] fatal: not a git repository (or any parent up to mount point /)
Stopping at filesystem boundary (GIT_DISCOVERY_ACROSS_FILESYSTEM not set).
2024-02-18 02:35:46.169 [info] > git rev-parse --show-toplevel [1ms]
2024-02-18 02:35:46.169 [info] fatal: not a git repository (or any parent up to mount point /)
Stopping at filesystem boundary (GIT_DISCOVERY_ACROSS_FILESYSTEM not set).
2024-02-18 02:35:46.173 [info] > git rev-parse --show-toplevel [0ms]
2024-02-18 02:35:46.173 [info] fatal: not a git repository (or any parent up to mount point /)
Stopping at filesystem boundary (GIT_DISCOVERY_ACROSS_FILESYSTEM not set).
2024-02-18 02:35:48.700 [info] > git rev-parse --show-toplevel [5ms]
2024-02-18 02:35:48.700 [info] fatal: not a git repository (or any parent up to mount point /)
Stopping at filesystem boundary (GIT_DISCOVERY_ACROSS_FILESYSTEM not set).
