2024-02-19 14:21:14.745 [info] Log level: Info
2024-02-19 14:21:14.745 [info] Validating found git in: "git"
2024-02-19 14:21:14.745 [info] Using git "2.43.2" from "git"
2024-02-19 14:21:14.745 [info] > git rev-parse --show-toplevel [2ms]
2024-02-19 14:21:14.745 [info] fatal: not a git repository (or any parent up to mount point /)
Stopping at filesystem boundary (GIT_DISCOVERY_ACROSS_FILESYSTEM not set).
2024-02-19 14:21:14.745 [info] > git rev-parse --show-toplevel [3ms]
2024-02-19 14:21:14.746 [info] > git rev-parse --git-dir --git-common-dir [2ms]
2024-02-19 14:21:14.757 [info] Open repository: /home/yt4a/Nextcloud/Customers/consul
2024-02-19 14:21:14.774 [info] > git rev-parse --show-toplevel [3ms]
2024-02-19 14:21:14.775 [info] > git config --get commit.template [10ms]
2024-02-19 14:21:14.799 [info] > git for-each-ref --format=%(refname)%00%(upstream:short)%00%(objectname)%00%(upstream:track)%00%(upstream:remotename)%00%(upstream:remoteref) refs/heads/main refs/remotes/main [7ms]
2024-02-19 14:21:14.800 [info] > git rev-parse --git-dir --git-common-dir [16ms]
2024-02-19 14:21:14.805 [info] Open repository: /home/yt4a/Nextcloud/Customers/data-muztorg
2024-02-19 14:21:14.812 [warning] ENOENT: no such file or directory, open '/home/yt4a/Nextcloud/Customers/consul/.git/refs/remotes/origin/main'
2024-02-19 14:21:14.826 [info] > git config --get commit.template [9ms]
2024-02-19 14:21:14.826 [info] > git rev-parse refs/remotes/origin/main [15ms]
2024-02-19 14:21:14.833 [info] > git rev-parse --show-toplevel [8ms]
2024-02-19 14:21:14.845 [info] > git for-each-ref --format=%(refname)%00%(upstream:short)%00%(objectname)%00%(upstream:track)%00%(upstream:remotename)%00%(upstream:remoteref) refs/heads/production refs/remotes/production [6ms]
2024-02-19 14:21:14.846 [info] > git rev-parse --git-dir --git-common-dir [2ms]
2024-02-19 14:21:14.849 [info] Open repository: /home/yt4a/Nextcloud/Customers/gpbmobile
2024-02-19 14:21:14.863 [info] > git config --get commit.template [7ms]
2024-02-19 14:21:14.870 [info] > git rev-parse --show-toplevel [8ms]
2024-02-19 14:21:14.885 [info] > git status -z -uall [16ms]
2024-02-19 14:21:14.885 [info] > git rev-parse --git-dir --git-common-dir [3ms]
2024-02-19 14:21:14.890 [info] Open repository: /home/yt4a/Nextcloud/Customers/open_ru
2024-02-19 14:21:14.890 [info] > git for-each-ref --format=%(refname)%00%(upstream:short)%00%(objectname)%00%(upstream:track)%00%(upstream:remotename)%00%(upstream:remoteref) refs/heads/CS-145460 refs/remotes/CS-145460 [14ms]
2024-02-19 14:21:14.921 [info] > git config --get commit.template [8ms]
2024-02-19 14:21:14.921 [info] > git rev-parse --show-toplevel [12ms]
2024-02-19 14:21:14.921 [info] > git config --get commit.template [19ms]
2024-02-19 14:21:14.948 [info] > git for-each-ref --format=%(refname)%00%(upstream:short)%00%(objectname)%00%(upstream:track)%00%(upstream:remotename)%00%(upstream:remoteref) refs/heads/production refs/remotes/production [7ms]
2024-02-19 14:21:14.948 [info] > git for-each-ref --format=%(refname)%00%(upstream:short)%00%(objectname)%00%(upstream:track)%00%(upstream:remotename)%00%(upstream:remoteref) refs/heads/main refs/remotes/main [14ms]
2024-02-19 14:21:14.948 [info] > git rev-parse --git-dir --git-common-dir [20ms]
2024-02-19 14:21:14.953 [info] Open repository: /home/yt4a/Nextcloud/Customers/stockmann
2024-02-19 14:21:14.968 [info] > git status -z -uall [22ms]
2024-02-19 14:21:14.979 [info] > git rev-parse --show-toplevel [12ms]
2024-02-19 14:21:14.979 [info] fatal: not a git repository (or any parent up to mount point /)
Stopping at filesystem boundary (GIT_DISCOVERY_ACROSS_FILESYSTEM not set).
2024-02-19 14:21:14.979 [info] > git config --get commit.template [18ms]
2024-02-19 14:21:14.987 [info] > git config --get commit.template [9ms]
2024-02-19 14:21:15.007 [info] > git status -z -uall [14ms]
2024-02-19 14:21:15.007 [info] > git status -z -uall [8ms]
2024-02-19 14:21:15.007 [info] > git rev-parse --show-toplevel [21ms]
2024-02-19 14:21:15.007 [info] fatal: not a git repository (or any parent up to mount point /)
Stopping at filesystem boundary (GIT_DISCOVERY_ACROSS_FILESYSTEM not set).
2024-02-19 14:21:15.028 [info] > git for-each-ref --format=%(refname)%00%(upstream:short)%00%(objectname)%00%(upstream:track)%00%(upstream:remotename)%00%(upstream:remoteref) refs/heads/CS-145460 refs/remotes/CS-145460 [15ms]
2024-02-19 14:21:15.028 [info] > git for-each-ref --format=%(refname)%00%(upstream:short)%00%(objectname)%00%(upstream:track)%00%(upstream:remotename)%00%(upstream:remoteref) refs/heads/production refs/remotes/production [22ms]
2024-02-19 14:21:15.033 [warning] ENOENT: no such file or directory, open '/home/yt4a/Nextcloud/Customers/stockmann/.git/refs/remotes/origin/production'
2024-02-19 14:21:15.034 [info] > git config --get commit.template [6ms]
2024-02-19 14:21:15.041 [info] > git rev-parse refs/remotes/origin/production [8ms]
2024-02-19 14:21:15.055 [info] > git status -z -uall [7ms]
2024-02-19 14:21:15.055 [info] > git for-each-ref --format=%(refname)%00%(upstream:short)%00%(objectname)%00%(upstream:track)%00%(upstream:remotename)%00%(upstream:remoteref) refs/heads/main refs/remotes/main [14ms]
2024-02-19 14:21:15.077 [info] > git status -z -uall [23ms]
2024-02-19 14:21:15.079 [info] > git rev-parse --show-toplevel [3ms]
2024-02-19 14:21:15.079 [info] fatal: not a git repository (or any parent up to mount point /)
Stopping at filesystem boundary (GIT_DISCOVERY_ACROSS_FILESYSTEM not set).
2024-02-19 14:21:15.079 [info] > git config --get commit.template [9ms]
2024-02-19 14:21:15.093 [info] > git status -z -uall [7ms]
2024-02-19 14:21:15.095 [info] > git for-each-ref --format=%(refname)%00%(upstream:short)%00%(objectname)%00%(upstream:track)%00%(upstream:remotename)%00%(upstream:remoteref) refs/heads/production refs/remotes/production [2ms]
2024-02-19 14:21:15.103 [warning] ENOENT: no such file or directory, open '/home/yt4a/Nextcloud/Customers/stockmann/.git/refs/remotes/origin/production'
2024-02-19 14:21:15.105 [info] > git rev-parse refs/remotes/origin/production [2ms]
2024-02-19 14:21:15.114 [info] > git status -z -uall [2ms]
2024-02-19 14:21:15.241 [info] > git rev-parse --show-toplevel [1ms]
2024-02-19 14:21:15.241 [info] fatal: not a git repository (or any parent up to mount point /)
Stopping at filesystem boundary (GIT_DISCOVERY_ACROSS_FILESYSTEM not set).
2024-02-19 14:21:15.479 [info] > git check-ignore -v -z --stdin [19ms]
2024-02-19 14:21:15.480 [info] > git check-ignore -v -z --stdin [16ms]
2024-02-19 14:21:15.480 [info] > git check-ignore -v -z --stdin [11ms]
2024-02-19 14:21:15.480 [info] > git check-ignore -v -z --stdin [6ms]
2024-02-19 14:21:15.480 [info] > git check-ignore -v -z --stdin [2ms]
2024-02-19 14:21:15.481 [info] > git status -z -uall [650ms]
2024-02-19 14:21:15.491 [info] > git config --get commit.template [1ms]
2024-02-19 14:21:15.497 [info] > git for-each-ref --format=%(refname)%00%(upstream:short)%00%(objectname)%00%(upstream:track)%00%(upstream:remotename)%00%(upstream:remoteref) refs/heads/main refs/remotes/main [1ms]
2024-02-19 14:21:15.503 [warning] ENOENT: no such file or directory, open '/home/yt4a/Nextcloud/Customers/consul/.git/refs/remotes/origin/main'
2024-02-19 14:21:15.504 [info] > git rev-parse refs/remotes/origin/main [1ms]
2024-02-19 14:21:16.066 [info] > git status -z -uall [558ms]
2024-02-19 14:21:16.126 [info] > git rev-parse --show-toplevel [1ms]
2024-02-19 14:21:16.126 [info] fatal: not a git repository (or any parent up to mount point /)
Stopping at filesystem boundary (GIT_DISCOVERY_ACROSS_FILESYSTEM not set).
2024-02-19 14:21:17.233 [info] > git check-ignore -v -z --stdin [2ms]
2024-02-19 14:21:19.099 [info] > git check-ignore -v -z --stdin [2ms]
2024-02-19 14:21:20.094 [info] > git check-ignore -v -z --stdin [1ms]
2024-02-19 14:21:21.569 [info] > git check-ignore -v -z --stdin [2ms]
2024-02-19 14:21:25.551 [info] > git check-ignore -v -z --stdin [2ms]
2024-02-19 14:21:26.341 [info] > git check-ignore -v -z --stdin [10ms]
2024-02-19 14:21:26.480 [info] > git show --textconv :ansible/roles/ansible-consul/defaults/main.yml [5ms]
2024-02-19 14:21:26.481 [info] > git ls-files --stage -- /home/yt4a/Nextcloud/Customers/consul/ansible/roles/ansible-consul/defaults/main.yml [1ms]
2024-02-19 14:21:26.486 [info] > git cat-file -s 643a18dc15d686bd195cff6f342565324209bb1c [1ms]
2024-02-19 14:21:59.781 [info] > git check-ignore -v -z --stdin [1ms]
2024-02-19 14:22:00.373 [info] > git show --textconv :ansible/playbooks/consul.yaml [5ms]
2024-02-19 14:22:00.374 [info] > git ls-files --stage -- /home/yt4a/Nextcloud/Customers/consul/ansible/playbooks/consul.yaml [1ms]
2024-02-19 14:22:00.380 [info] > git cat-file -s 2f39ea23407b7db4100c20031710e7a437005ddc [1ms]
2024-02-19 14:22:37.312 [info] > git check-ignore -v -z --stdin [2ms]
2024-02-19 14:22:40.851 [info] > git check-ignore -v -z --stdin [1ms]
2024-02-19 14:22:41.467 [info] > git check-ignore -v -z --stdin [1ms]
2024-02-19 14:22:42.761 [info] > git show --textconv :ansible/roles/ansible-consul/tasks/services.yml [6ms]
2024-02-19 14:22:42.761 [info] > git ls-files --stage -- /home/yt4a/Nextcloud/Customers/consul/ansible/roles/ansible-consul/tasks/services.yml [1ms]
2024-02-19 14:22:42.766 [info] > git cat-file -s ff1963e70809b60729d8f09ea94867a77d8e9a7c [1ms]
2024-02-19 14:23:53.968 [info] > git check-ignore -v -z --stdin [1ms]
2024-02-19 14:24:14.101 [info] > git check-ignore -v -z --stdin [2ms]
2024-02-19 14:24:15.896 [info] > git check-ignore -v -z --stdin [1ms]
2024-02-19 14:24:20.988 [info] > git check-ignore -v -z --stdin [1ms]
2024-02-19 14:24:45.107 [info] > git show --textconv :ansible/roles/ansible-consul/templates/prod.service.pulse.insure.json.j2 [5ms]
2024-02-19 14:24:45.108 [info] > git ls-files --stage -- /home/yt4a/Nextcloud/Customers/consul/ansible/roles/ansible-consul/templates/prod.service.pulse.insure.json.j2 [1ms]
2024-02-19 14:24:45.426 [info] > git check-ignore -v -z --stdin [2ms]
2024-02-19 14:24:45.936 [info] > git config --get commit.template [7ms]
2024-02-19 14:24:45.936 [info] > git for-each-ref --format=%(refname)%00%(upstream:short)%00%(objectname)%00%(upstream:track)%00%(upstream:remotename)%00%(upstream:remoteref) refs/heads/main refs/remotes/main [1ms]
2024-02-19 14:24:45.940 [warning] ENOENT: no such file or directory, open '/home/yt4a/Nextcloud/Customers/consul/.git/refs/remotes/origin/main'
2024-02-19 14:24:45.940 [info] > git rev-parse refs/remotes/origin/main [1ms]
2024-02-19 14:24:46.526 [info] > git status -z -uall [581ms]
2024-02-19 14:25:08.954 [info] > git show --textconv :ansible/roles/ansible-consul/templates/service-3rdprod.json.j2 [7ms]
2024-02-19 14:25:08.955 [info] > git ls-files --stage -- /home/yt4a/Nextcloud/Customers/consul/ansible/roles/ansible-consul/templates/service-3rdprod.json.j2 [1ms]
2024-02-19 14:25:08.959 [info] > git cat-file -s 4ea074d2b94562e20490f54f21cd0f5450ed2ab2 [1ms]
2024-02-19 14:25:12.917 [info] > git show --textconv :ansible/roles/ansible-consul/templates/prod.service.pulse.insure.json.j2 [7ms]
2024-02-19 14:25:12.918 [info] > git ls-files --stage -- /home/yt4a/Nextcloud/Customers/consul/ansible/roles/ansible-consul/templates/prod.service.pulse.insure.json.j2 [2ms]
2024-02-19 14:25:30.346 [info] > git show --textconv :ansible/roles/ansible-consul/templates/service-prod.service.pulse.insure.json.j2 [6ms]
2024-02-19 14:25:30.347 [info] > git ls-files --stage -- /home/yt4a/Nextcloud/Customers/consul/ansible/roles/ansible-consul/templates/service-prod.service.pulse.insure.json.j2 [1ms]
2024-02-19 14:25:30.631 [info] > git check-ignore -v -z --stdin [2ms]
2024-02-19 14:25:31.183 [info] > git config --get commit.template [6ms]
2024-02-19 14:25:31.184 [info] > git for-each-ref --format=%(refname)%00%(upstream:short)%00%(objectname)%00%(upstream:track)%00%(upstream:remotename)%00%(upstream:remoteref) refs/heads/main refs/remotes/main [2ms]
2024-02-19 14:25:31.188 [warning] ENOENT: no such file or directory, open '/home/yt4a/Nextcloud/Customers/consul/.git/refs/remotes/origin/main'
2024-02-19 14:25:31.189 [info] > git rev-parse refs/remotes/origin/main [0ms]
2024-02-19 14:25:31.755 [info] > git status -z -uall [563ms]
2024-02-19 14:28:21.622 [info] > git show --textconv :ansible/roles/ansible-consul/tasks/services.yml [5ms]
2024-02-19 14:28:21.623 [info] > git ls-files --stage -- /home/yt4a/Nextcloud/Customers/consul/ansible/roles/ansible-consul/tasks/services.yml [1ms]
2024-02-19 14:28:21.627 [info] > git cat-file -s ff1963e70809b60729d8f09ea94867a77d8e9a7c [1ms]
2024-02-19 14:28:23.119 [info] > git show --textconv :ansible/roles/ansible-consul/templates/service-prod.service.pulse.insure.json.j2 [5ms]
2024-02-19 14:28:23.120 [info] > git ls-files --stage -- /home/yt4a/Nextcloud/Customers/consul/ansible/roles/ansible-consul/templates/service-prod.service.pulse.insure.json.j2 [1ms]
2024-02-19 14:28:46.007 [info] > git show --textconv :ansible/roles/ansible-consul/tasks/services.yml [7ms]
2024-02-19 14:28:46.008 [info] > git ls-files --stage -- /home/yt4a/Nextcloud/Customers/consul/ansible/roles/ansible-consul/tasks/services.yml [1ms]
2024-02-19 14:28:46.013 [info] > git cat-file -s ff1963e70809b60729d8f09ea94867a77d8e9a7c [2ms]
2024-02-19 14:33:09.433 [info] > git show --textconv :ansible/roles/ansible-consul/templates/service-devtest.service.pulse.insure.json.j2 [6ms]
2024-02-19 14:33:09.434 [info] > git ls-files --stage -- /home/yt4a/Nextcloud/Customers/consul/ansible/roles/ansible-consul/templates/service-devtest.service.pulse.insure.json.j2 [1ms]
2024-02-19 14:33:09.698 [info] > git check-ignore -v -z --stdin [1ms]
2024-02-19 14:33:10.245 [info] > git config --get commit.template [5ms]
2024-02-19 14:33:10.245 [info] > git for-each-ref --format=%(refname)%00%(upstream:short)%00%(objectname)%00%(upstream:track)%00%(upstream:remotename)%00%(upstream:remoteref) refs/heads/main refs/remotes/main [1ms]
2024-02-19 14:33:10.250 [warning] ENOENT: no such file or directory, open '/home/yt4a/Nextcloud/Customers/consul/.git/refs/remotes/origin/main'
2024-02-19 14:33:10.251 [info] > git rev-parse refs/remotes/origin/main [1ms]
2024-02-19 14:33:10.817 [info] > git status -z -uall [562ms]
2024-02-19 14:33:12.101 [info] > git show --textconv :ansible/roles/ansible-consul/templates/service-prod.service.pulse.insure.json.j2 [7ms]
2024-02-19 14:33:12.101 [info] > git ls-files --stage -- /home/yt4a/Nextcloud/Customers/consul/ansible/roles/ansible-consul/templates/service-prod.service.pulse.insure.json.j2 [1ms]
2024-02-19 14:33:13.702 [info] > git show --textconv :ansible/roles/ansible-consul/templates/service-devtest.service.pulse.insure.json.j2 [6ms]
2024-02-19 14:33:13.703 [info] > git ls-files --stage -- /home/yt4a/Nextcloud/Customers/consul/ansible/roles/ansible-consul/templates/service-devtest.service.pulse.insure.json.j2 [1ms]
2024-02-19 14:35:38.304 [info] > git show --textconv :ansible/roles/ansible-consul/tasks/services.yml [5ms]
2024-02-19 14:35:38.305 [info] > git ls-files --stage -- /home/yt4a/Nextcloud/Customers/consul/ansible/roles/ansible-consul/tasks/services.yml [1ms]
2024-02-19 14:35:38.312 [info] > git cat-file -s ff1963e70809b60729d8f09ea94867a77d8e9a7c [1ms]
2024-02-19 14:42:51.024 [info] > git config --get commit.template [7ms]
2024-02-19 14:42:51.025 [info] > git for-each-ref --format=%(refname)%00%(upstream:short)%00%(objectname)%00%(upstream:track)%00%(upstream:remotename)%00%(upstream:remoteref) refs/heads/main refs/remotes/main [1ms]
2024-02-19 14:42:51.033 [info] > git status -z -uall [2ms]
2024-02-19 14:42:56.051 [info] > git config --get commit.template [5ms]
2024-02-19 14:42:56.051 [info] > git for-each-ref --format=%(refname)%00%(upstream:short)%00%(objectname)%00%(upstream:track)%00%(upstream:remotename)%00%(upstream:remoteref) refs/heads/main refs/remotes/main [1ms]
2024-02-19 14:42:56.058 [info] > git status -z -uall [3ms]
2024-02-19 14:43:33.982 [info] > git show --textconv :ansible/playbooks/consul.yaml [5ms]
2024-02-19 14:43:33.983 [info] > git ls-files --stage -- /home/yt4a/Nextcloud/Customers/consul/ansible/playbooks/consul.yaml [2ms]
2024-02-19 14:43:33.987 [info] > git cat-file -s 2f39ea23407b7db4100c20031710e7a437005ddc [1ms]
2024-02-19 14:52:40.952 [info] > git show --textconv :ansible/roles/ansible-consul/requirements.txt [5ms]
2024-02-19 14:52:40.953 [info] > git ls-files --stage -- /home/yt4a/Nextcloud/Customers/consul/ansible/roles/ansible-consul/requirements.txt [2ms]
2024-02-19 14:52:40.960 [info] > git cat-file -s e7b74d3ec612301f866c6109fcfc3bbc0924bbfc [1ms]
2024-02-19 14:52:47.636 [info] > git show --textconv :ansible/roles/ansible-consul/requirements.yml [6ms]
2024-02-19 14:52:47.636 [info] > git ls-files --stage -- /home/yt4a/Nextcloud/Customers/consul/ansible/roles/ansible-consul/requirements.yml [1ms]
2024-02-19 14:52:47.642 [info] > git cat-file -s 8a1b741c9b8b6d6ed28112020f7c9f04247a3c31 [2ms]
2024-02-19 14:52:50.704 [info] > git show --textconv :ansible/roles/ansible-consul/README.md [8ms]
2024-02-19 14:52:50.715 [info] > git ls-files --stage -- /home/yt4a/Nextcloud/Customers/consul/ansible/roles/ansible-consul/README.md [12ms]
2024-02-19 14:52:50.724 [info] > git cat-file -s b145caa7dcbf35780ae04446960a43b7ea8a1df8 [3ms]
2024-02-19 14:58:08.912 [info] > git show --textconv :ansible/roles/ansible-consul/tasks/nix.yml [4ms]
2024-02-19 14:58:08.912 [info] > git ls-files --stage -- /home/yt4a/Nextcloud/Customers/consul/ansible/roles/ansible-consul/tasks/nix.yml [1ms]
2024-02-19 14:58:08.919 [info] > git cat-file -s ffe82e225b033b872bc67cb926401c15535ac647 [1ms]
2024-02-19 14:59:05.029 [info] > git show --textconv :ansible/roles/ansible-consul/templates/service-devtest.service.pulse.insure.json.j2 [6ms]
2024-02-19 14:59:05.030 [info] > git ls-files --stage -- /home/yt4a/Nextcloud/Customers/consul/ansible/roles/ansible-consul/templates/service-devtest.service.pulse.insure.json.j2 [1ms]
2024-02-19 14:59:07.015 [info] > git show --textconv :ansible/roles/ansible-consul/templates/service-prod.service.pulse.insure.json.j2 [5ms]
2024-02-19 14:59:07.016 [info] > git ls-files --stage -- /home/yt4a/Nextcloud/Customers/consul/ansible/roles/ansible-consul/templates/service-prod.service.pulse.insure.json.j2 [2ms]
2024-02-19 14:59:07.697 [info] > git show --textconv :ansible/roles/ansible-consul/templates/service-devtest.service.pulse.insure.json.j2 [5ms]
2024-02-19 14:59:07.698 [info] > git ls-files --stage -- /home/yt4a/Nextcloud/Customers/consul/ansible/roles/ansible-consul/templates/service-devtest.service.pulse.insure.json.j2 [2ms]
2024-02-19 14:59:08.569 [info] > git show --textconv :ansible/roles/ansible-consul/tasks/nix.yml [7ms]
2024-02-19 14:59:08.570 [info] > git ls-files --stage -- /home/yt4a/Nextcloud/Customers/consul/ansible/roles/ansible-consul/tasks/nix.yml [1ms]
2024-02-19 14:59:08.575 [info] > git cat-file -s ffe82e225b033b872bc67cb926401c15535ac647 [1ms]
2024-02-19 14:59:09.192 [info] > git show --textconv :ansible/roles/ansible-consul/tasks/services.yml [5ms]
2024-02-19 14:59:09.193 [info] > git ls-files --stage -- /home/yt4a/Nextcloud/Customers/consul/ansible/roles/ansible-consul/tasks/services.yml [1ms]
2024-02-19 14:59:09.198 [info] > git cat-file -s ff1963e70809b60729d8f09ea94867a77d8e9a7c [1ms]
2024-02-19 15:02:08.208 [info] > git show --textconv :ansible/roles/ansible-consul/templates/service-devtest.service.pulse.insure.json.j2 [6ms]
2024-02-19 15:02:08.209 [info] > git ls-files --stage -- /home/yt4a/Nextcloud/Customers/consul/ansible/roles/ansible-consul/templates/service-devtest.service.pulse.insure.json.j2 [2ms]
2024-02-19 15:02:08.788 [info] > git show --textconv :ansible/roles/ansible-consul/templates/service-prod.service.pulse.insure.json.j2 [5ms]
2024-02-19 15:02:08.789 [info] > git ls-files --stage -- /home/yt4a/Nextcloud/Customers/consul/ansible/roles/ansible-consul/templates/service-prod.service.pulse.insure.json.j2 [1ms]
2024-02-19 15:02:10.126 [info] > git show --textconv :ansible/roles/ansible-consul/templates/service-devtest.service.pulse.insure.json.j2 [6ms]
2024-02-19 15:02:10.127 [info] > git ls-files --stage -- /home/yt4a/Nextcloud/Customers/consul/ansible/roles/ansible-consul/templates/service-devtest.service.pulse.insure.json.j2 [1ms]
2024-02-19 15:02:13.835 [info] > git show --textconv :ansible/roles/ansible-consul/templates/service-prod.service.pulse.insure.json.j2 [5ms]
2024-02-19 15:02:13.836 [info] > git ls-files --stage -- /home/yt4a/Nextcloud/Customers/consul/ansible/roles/ansible-consul/templates/service-prod.service.pulse.insure.json.j2 [1ms]
2024-02-19 15:02:14.085 [info] > git config --get commit.template [6ms]
2024-02-19 15:02:14.085 [info] > git for-each-ref --format=%(refname)%00%(upstream:short)%00%(objectname)%00%(upstream:track)%00%(upstream:remotename)%00%(upstream:remoteref) refs/heads/main refs/remotes/main [1ms]
2024-02-19 15:02:14.090 [warning] ENOENT: no such file or directory, open '/home/yt4a/Nextcloud/Customers/consul/.git/refs/remotes/origin/main'
2024-02-19 15:02:14.092 [info] > git rev-parse refs/remotes/origin/main [2ms]
2024-02-19 15:02:14.681 [info] > git status -z -uall [585ms]
2024-02-19 15:02:15.138 [info] > git show --textconv :ansible/roles/ansible-consul/tasks/services.yml [6ms]
2024-02-19 15:02:15.139 [info] > git ls-files --stage -- /home/yt4a/Nextcloud/Customers/consul/ansible/roles/ansible-consul/tasks/services.yml [1ms]
2024-02-19 15:02:15.146 [info] > git cat-file -s ff1963e70809b60729d8f09ea94867a77d8e9a7c [2ms]
2024-02-19 15:02:19.699 [info] > git config --get commit.template [7ms]
2024-02-19 15:02:19.700 [info] > git for-each-ref --format=%(refname)%00%(upstream:short)%00%(objectname)%00%(upstream:track)%00%(upstream:remotename)%00%(upstream:remoteref) refs/heads/main refs/remotes/main [1ms]
2024-02-19 15:02:19.706 [warning] ENOENT: no such file or directory, open '/home/yt4a/Nextcloud/Customers/consul/.git/refs/remotes/origin/main'
2024-02-19 15:02:19.707 [info] > git rev-parse refs/remotes/origin/main [1ms]
2024-02-19 15:02:20.270 [info] > git status -z -uall [559ms]
2024-02-19 15:05:24.473 [info] > git show --textconv :ansible/roles/ansible-consul/tasks/main.yml [7ms]
2024-02-19 15:05:24.474 [info] > git ls-files --stage -- /home/yt4a/Nextcloud/Customers/consul/ansible/roles/ansible-consul/tasks/main.yml [2ms]
2024-02-19 15:05:24.480 [info] > git cat-file -s 474e0c6703d01a3439b67587c8733d19b61a0cf6 [1ms]
2024-02-19 15:05:47.045 [info] > git config --get commit.template [7ms]
2024-02-19 15:05:47.046 [info] > git for-each-ref --format=%(refname)%00%(upstream:short)%00%(objectname)%00%(upstream:track)%00%(upstream:remotename)%00%(upstream:remoteref) refs/heads/main refs/remotes/main [1ms]
2024-02-19 15:05:47.049 [warning] ENOENT: no such file or directory, open '/home/yt4a/Nextcloud/Customers/consul/.git/refs/remotes/origin/main'
2024-02-19 15:05:47.050 [info] > git rev-parse refs/remotes/origin/main [1ms]
2024-02-19 15:05:47.640 [info] > git status -z -uall [586ms]
2024-02-19 15:12:05.176 [info] > git config --get commit.template [5ms]
2024-02-19 15:12:05.177 [info] > git for-each-ref --format=%(refname)%00%(upstream:short)%00%(objectname)%00%(upstream:track)%00%(upstream:remotename)%00%(upstream:remoteref) refs/heads/main refs/remotes/main [1ms]
2024-02-19 15:12:05.181 [warning] ENOENT: no such file or directory, open '/home/yt4a/Nextcloud/Customers/consul/.git/refs/remotes/origin/main'
2024-02-19 15:12:05.182 [info] > git rev-parse refs/remotes/origin/main [1ms]
2024-02-19 15:12:05.751 [info] > git status -z -uall [563ms]
2024-02-19 15:13:04.940 [info] > git config --get commit.template [6ms]
2024-02-19 15:13:04.941 [info] > git for-each-ref --format=%(refname)%00%(upstream:short)%00%(objectname)%00%(upstream:track)%00%(upstream:remotename)%00%(upstream:remoteref) refs/heads/main refs/remotes/main [1ms]
2024-02-19 15:13:04.945 [warning] ENOENT: no such file or directory, open '/home/yt4a/Nextcloud/Customers/consul/.git/refs/remotes/origin/main'
2024-02-19 15:13:04.946 [info] > git rev-parse refs/remotes/origin/main [1ms]
2024-02-19 15:13:05.522 [info] > git status -z -uall [571ms]
2024-02-19 15:14:24.674 [info] > git show --textconv :ansible/roles/ansible-consul/templates/service-devtest.service.pulse.insure.json.j2 [5ms]
2024-02-19 15:14:24.675 [info] > git ls-files --stage -- /home/yt4a/Nextcloud/Customers/consul/ansible/roles/ansible-consul/templates/service-devtest.service.pulse.insure.json.j2 [1ms]
2024-02-19 15:14:29.652 [info] > git show --textconv :ansible/roles/ansible-consul/templates/service-prod.service.pulse.insure.json.j2 [6ms]
2024-02-19 15:14:29.652 [info] > git ls-files --stage -- /home/yt4a/Nextcloud/Customers/consul/ansible/roles/ansible-consul/templates/service-prod.service.pulse.insure.json.j2 [1ms]
2024-02-19 15:19:45.297 [info] > git show --textconv :ansible/roles/ansible-consul/tasks/main.yml [8ms]
2024-02-19 15:19:45.298 [info] > git ls-files --stage -- /home/yt4a/Nextcloud/Customers/consul/ansible/roles/ansible-consul/tasks/main.yml [1ms]
2024-02-19 15:19:45.303 [info] > git cat-file -s 474e0c6703d01a3439b67587c8733d19b61a0cf6 [1ms]
2024-02-19 15:19:53.627 [info] > git config --get commit.template [7ms]
2024-02-19 15:19:53.628 [info] > git for-each-ref --format=%(refname)%00%(upstream:short)%00%(objectname)%00%(upstream:track)%00%(upstream:remotename)%00%(upstream:remoteref) refs/heads/main refs/remotes/main [1ms]
2024-02-19 15:19:53.632 [warning] ENOENT: no such file or directory, open '/home/yt4a/Nextcloud/Customers/consul/.git/refs/remotes/origin/main'
2024-02-19 15:19:53.633 [info] > git rev-parse refs/remotes/origin/main [1ms]
2024-02-19 15:19:54.199 [info] > git status -z -uall [563ms]
2024-02-19 15:19:55.921 [info] > git show --textconv :ansible/roles/ansible-consul/tasks/services.yml [4ms]
2024-02-19 15:19:55.922 [info] > git ls-files --stage -- /home/yt4a/Nextcloud/Customers/consul/ansible/roles/ansible-consul/tasks/services.yml [2ms]
2024-02-19 15:19:55.929 [info] > git cat-file -s ff1963e70809b60729d8f09ea94867a77d8e9a7c [2ms]
2024-02-19 15:20:12.744 [info] > git config --get commit.template [7ms]
2024-02-19 15:20:12.744 [info] > git for-each-ref --format=%(refname)%00%(upstream:short)%00%(objectname)%00%(upstream:track)%00%(upstream:remotename)%00%(upstream:remoteref) refs/heads/main refs/remotes/main [1ms]
2024-02-19 15:20:12.749 [warning] ENOENT: no such file or directory, open '/home/yt4a/Nextcloud/Customers/consul/.git/refs/remotes/origin/main'
2024-02-19 15:20:12.750 [info] > git rev-parse refs/remotes/origin/main [1ms]
2024-02-19 15:20:12.756 [info] > git status -z -uall [2ms]
2024-02-19 15:20:12.838 [info] > git ls-files --stage -- /home/yt4a/Nextcloud/Customers/consul/ansible/roles/ansible-consul/tasks/services.yml [1ms]
2024-02-19 15:20:12.845 [info] > git cat-file -s ff1963e70809b60729d8f09ea94867a77d8e9a7c [1ms]
2024-02-19 15:20:12.852 [info] > git show --textconv :ansible/roles/ansible-consul/tasks/services.yml [1ms]
2024-02-19 15:21:15.794 [info] > git config --get commit.template [6ms]
2024-02-19 15:21:15.794 [info] > git for-each-ref --format=%(refname)%00%(upstream:short)%00%(objectname)%00%(upstream:track)%00%(upstream:remotename)%00%(upstream:remoteref) refs/heads/CS-146100-CS-146104 refs/remotes/CS-146100-CS-146104 [1ms]
2024-02-19 15:21:15.801 [info] > git status -z -uall [2ms]
2024-02-19 15:21:15.889 [info] > git ls-files --stage -- /home/yt4a/Nextcloud/Customers/consul/ansible/roles/ansible-consul/tasks/services.yml [1ms]
2024-02-19 15:21:15.895 [info] > git cat-file -s ff1963e70809b60729d8f09ea94867a77d8e9a7c [1ms]
2024-02-19 15:21:15.902 [info] > git show --textconv :ansible/roles/ansible-consul/tasks/services.yml [2ms]
2024-02-19 15:21:36.453 [info] > git config --get commit.template [6ms]
2024-02-19 15:21:36.454 [info] > git for-each-ref --format=%(refname)%00%(upstream:short)%00%(objectname)%00%(upstream:track)%00%(upstream:remotename)%00%(upstream:remoteref) refs/heads/CS-146100-CS-146104 refs/remotes/CS-146100-CS-146104 [1ms]
2024-02-19 15:21:36.461 [info] > git status -z -uall [2ms]
2024-02-19 15:21:36.549 [info] > git ls-files --stage -- /home/yt4a/Nextcloud/Customers/consul/ansible/roles/ansible-consul/tasks/services.yml [1ms]
2024-02-19 15:21:36.555 [info] > git cat-file -s 1b28fd24b04d4f4e8b61f82f8eb5f77246a86ee9 [1ms]
2024-02-19 15:21:36.562 [info] > git show --textconv :ansible/roles/ansible-consul/tasks/services.yml [1ms]
2024-02-19 15:22:25.113 [info] > git config --get commit.template [6ms]
2024-02-19 15:22:25.113 [info] > git for-each-ref --format=%(refname)%00%(upstream:short)%00%(objectname)%00%(upstream:track)%00%(upstream:remotename)%00%(upstream:remoteref) refs/heads/CS-146100-CS-146104 refs/remotes/CS-146100-CS-146104 [1ms]
2024-02-19 15:22:25.119 [info] > git status -z -uall [2ms]
2024-02-19 15:22:25.205 [info] > git ls-files --stage -- /home/yt4a/Nextcloud/Customers/consul/ansible/roles/ansible-consul/tasks/services.yml [1ms]
2024-02-19 15:22:25.211 [info] > git cat-file -s 1b28fd24b04d4f4e8b61f82f8eb5f77246a86ee9 [2ms]
2024-02-19 15:22:25.217 [info] > git show --textconv :ansible/roles/ansible-consul/tasks/services.yml [1ms]
