2024-02-18 02:38:29.331 [info] Log level: Info
2024-02-18 02:38:29.331 [info] Validating found git in: "git"
2024-02-18 02:38:29.331 [info] Using git "2.43.2" from "git"
2024-02-18 02:38:29.331 [info] > git rev-parse --show-toplevel [0ms]
2024-02-18 02:38:29.331 [info] fatal: not a git repository (or any parent up to mount point /)
Stopping at filesystem boundary (GIT_DISCOVERY_ACROSS_FILESYSTEM not set).
2024-02-18 02:38:29.331 [info] > git rev-parse --show-toplevel [2ms]
2024-02-18 02:38:29.331 [info] > git rev-parse --git-dir --git-common-dir [1ms]
2024-02-18 02:38:29.331 [info] Open repository: /home/yt4a/Nextcloud/Customers/data-muztorg
2024-02-18 02:38:29.331 [info] > git config --get commit.template [8ms]
2024-02-18 02:38:29.331 [info] > git rev-parse --show-toplevel [6ms]
2024-02-18 02:38:29.331 [info] > git rev-parse --git-dir --git-common-dir [2ms]
2024-02-18 02:38:29.331 [info] Open repository: /home/yt4a/Nextcloud/Customers/gpbmobile
2024-02-18 02:38:29.331 [info] > git for-each-ref --format=%(refname)%00%(upstream:short)%00%(objectname)%00%(upstream:track)%00%(upstream:remotename)%00%(upstream:remoteref) refs/heads/production refs/remotes/production [13ms]
2024-02-18 02:38:29.331 [info] > git rev-parse --show-toplevel [2ms]
2024-02-18 02:38:29.331 [info] > git config --get commit.template [10ms]
2024-02-18 02:38:29.348 [info] > git rev-parse --git-dir --git-common-dir [22ms]
2024-02-18 02:38:29.352 [info] Open repository: /home/yt4a/Nextcloud/Customers/open_ru
2024-02-18 02:38:29.369 [info] > git status -z -uall [22ms]
2024-02-18 02:38:29.375 [info] > git for-each-ref --format=%(refname)%00%(upstream:short)%00%(objectname)%00%(upstream:track)%00%(upstream:remotename)%00%(upstream:remoteref) refs/heads/CS-145460 refs/remotes/CS-145460 [37ms]
2024-02-18 02:38:29.383 [info] > git rev-parse --show-toplevel [15ms]
2024-02-18 02:38:29.383 [info] > git config --get commit.template [22ms]
2024-02-18 02:38:29.393 [info] > git config --get commit.template [11ms]
2024-02-18 02:38:29.401 [info] > git rev-parse --git-dir --git-common-dir [8ms]
2024-02-18 02:38:29.405 [info] Open repository: /home/yt4a/Nextcloud/Customers/stockmann
2024-02-18 02:38:29.432 [info] > git status -z -uall [15ms]
2024-02-18 02:38:29.433 [info] > git for-each-ref --format=%(refname)%00%(upstream:short)%00%(objectname)%00%(upstream:track)%00%(upstream:remotename)%00%(upstream:remoteref) refs/heads/main refs/remotes/main [31ms]
2024-02-18 02:38:29.434 [info] > git rev-parse --show-toplevel [1ms]
2024-02-18 02:38:29.434 [info] fatal: not a git repository (or any parent up to mount point /)
Stopping at filesystem boundary (GIT_DISCOVERY_ACROSS_FILESYSTEM not set).
2024-02-18 02:38:29.434 [info] > git config --get commit.template [9ms]
2024-02-18 02:38:29.441 [info] > git for-each-ref --format=%(refname)%00%(upstream:short)%00%(objectname)%00%(upstream:track)%00%(upstream:remotename)%00%(upstream:remoteref) refs/heads/production refs/remotes/production [30ms]
2024-02-18 02:38:29.464 [info] > git config --get commit.template [15ms]
2024-02-18 02:38:29.475 [info] > git for-each-ref --format=%(refname)%00%(upstream:short)%00%(objectname)%00%(upstream:track)%00%(upstream:remotename)%00%(upstream:remoteref) refs/heads/production refs/remotes/production [19ms]
2024-02-18 02:38:29.482 [warning] ENOENT: no such file or directory, open '/home/yt4a/Nextcloud/Customers/stockmann/.git/refs/remotes/origin/production'
2024-02-18 02:38:29.482 [info] > git status -z -uall [19ms]
2024-02-18 02:38:29.482 [info] > git status -z -uall [7ms]
2024-02-18 02:38:29.482 [info] > git for-each-ref --format=%(refname)%00%(upstream:short)%00%(objectname)%00%(upstream:track)%00%(upstream:remotename)%00%(upstream:remoteref) refs/heads/CS-145460 refs/remotes/CS-145460 [13ms]
2024-02-18 02:38:29.494 [info] > git rev-parse refs/remotes/origin/production [13ms]
2024-02-18 02:38:29.505 [info] > git status -z -uall [5ms]
2024-02-18 02:38:29.508 [info] > git config --get commit.template [14ms]
2024-02-18 02:38:29.540 [info] > git status -z -uall [8ms]
2024-02-18 02:38:29.540 [info] > git config --get commit.template [20ms]
2024-02-18 02:38:29.542 [info] > git rev-parse --show-toplevel [17ms]
2024-02-18 02:38:29.542 [info] fatal: not a git repository (or any parent up to mount point /)
Stopping at filesystem boundary (GIT_DISCOVERY_ACROSS_FILESYSTEM not set).
2024-02-18 02:38:29.550 [info] > git for-each-ref --format=%(refname)%00%(upstream:short)%00%(objectname)%00%(upstream:track)%00%(upstream:remotename)%00%(upstream:remoteref) refs/heads/main refs/remotes/main [11ms]
2024-02-18 02:38:29.551 [info] > git for-each-ref --format=%(refname)%00%(upstream:short)%00%(objectname)%00%(upstream:track)%00%(upstream:remotename)%00%(upstream:remoteref) refs/heads/production refs/remotes/production [2ms]
2024-02-18 02:38:29.557 [warning] ENOENT: no such file or directory, open '/home/yt4a/Nextcloud/Customers/stockmann/.git/refs/remotes/origin/production'
2024-02-18 02:38:29.563 [info] > git rev-parse refs/remotes/origin/production [6ms]
2024-02-18 02:38:29.569 [info] > git status -z -uall [6ms]
2024-02-18 02:38:29.571 [info] > git status -z -uall [2ms]
2024-02-18 02:38:29.905 [info] > git check-ignore -v -z --stdin [12ms]
2024-02-18 02:38:29.905 [info] > git check-ignore -v -z --stdin [6ms]
2024-02-18 02:38:29.906 [info] > git check-ignore -v -z --stdin [2ms]
2024-02-18 02:40:50.913 [info] > git rev-parse --show-toplevel [2ms]
2024-02-18 02:40:50.913 [info] fatal: not a git repository (or any parent up to mount point /)
Stopping at filesystem boundary (GIT_DISCOVERY_ACROSS_FILESYSTEM not set).
2024-02-18 02:40:54.475 [info] > git rev-parse --show-toplevel [1ms]
2024-02-18 02:40:54.475 [info] fatal: not a git repository (or any parent up to mount point /)
Stopping at filesystem boundary (GIT_DISCOVERY_ACROSS_FILESYSTEM not set).
2024-02-18 02:40:58.332 [info] > git rev-parse --show-toplevel [1ms]
2024-02-18 02:40:58.332 [info] fatal: not a git repository (or any parent up to mount point /)
Stopping at filesystem boundary (GIT_DISCOVERY_ACROSS_FILESYSTEM not set).
2024-02-18 02:41:06.341 [info] > git rev-parse --show-toplevel [1ms]
2024-02-18 02:41:06.341 [info] fatal: not a git repository (or any parent up to mount point /)
Stopping at filesystem boundary (GIT_DISCOVERY_ACROSS_FILESYSTEM not set).
2024-02-18 02:41:11.735 [info] > git rev-parse --show-toplevel [1ms]
2024-02-18 02:41:11.735 [info] fatal: not a git repository (or any parent up to mount point /)
Stopping at filesystem boundary (GIT_DISCOVERY_ACROSS_FILESYSTEM not set).
2024-02-18 02:41:18.370 [info] > git rev-parse --show-toplevel [1ms]
2024-02-18 02:41:18.370 [info] fatal: not a git repository (or any parent up to mount point /)
Stopping at filesystem boundary (GIT_DISCOVERY_ACROSS_FILESYSTEM not set).
2024-02-18 02:41:21.681 [info] > git rev-parse --show-toplevel [1ms]
2024-02-18 02:41:21.682 [info] fatal: not a git repository (or any parent up to mount point /)
Stopping at filesystem boundary (GIT_DISCOVERY_ACROSS_FILESYSTEM not set).
2024-02-18 02:41:24.017 [info] > git rev-parse --show-toplevel [1ms]
2024-02-18 02:41:24.017 [info] fatal: not a git repository (or any parent up to mount point /)
Stopping at filesystem boundary (GIT_DISCOVERY_ACROSS_FILESYSTEM not set).
2024-02-18 02:41:27.919 [info] > git rev-parse --show-toplevel [1ms]
2024-02-18 02:41:27.920 [info] fatal: not a git repository (or any parent up to mount point /)
Stopping at filesystem boundary (GIT_DISCOVERY_ACROSS_FILESYSTEM not set).
2024-02-18 02:41:40.575 [info] > git rev-parse --show-toplevel [1ms]
2024-02-18 02:41:40.575 [info] fatal: not a git repository (or any parent up to mount point /)
Stopping at filesystem boundary (GIT_DISCOVERY_ACROSS_FILESYSTEM not set).
2024-02-18 02:42:00.957 [info] > git rev-parse --show-toplevel [1ms]
2024-02-18 02:42:00.957 [info] fatal: not a git repository (or any parent up to mount point /)
Stopping at filesystem boundary (GIT_DISCOVERY_ACROSS_FILESYSTEM not set).
2024-02-18 02:42:02.158 [info] > git rev-parse --show-toplevel [1ms]
2024-02-18 02:42:02.158 [info] fatal: not a git repository (or any parent up to mount point /)
Stopping at filesystem boundary (GIT_DISCOVERY_ACROSS_FILESYSTEM not set).
2024-02-18 02:42:04.929 [info] > git rev-parse --show-toplevel [1ms]
2024-02-18 02:42:04.929 [info] fatal: not a git repository (or any parent up to mount point /)
Stopping at filesystem boundary (GIT_DISCOVERY_ACROSS_FILESYSTEM not set).
2024-02-18 02:42:07.044 [info] > git rev-parse --show-toplevel [1ms]
2024-02-18 02:42:07.044 [info] fatal: not a git repository (or any parent up to mount point /)
Stopping at filesystem boundary (GIT_DISCOVERY_ACROSS_FILESYSTEM not set).
2024-02-18 02:42:08.801 [info] > git rev-parse --show-toplevel [1ms]
2024-02-18 02:42:08.801 [info] fatal: not a git repository (or any parent up to mount point /)
Stopping at filesystem boundary (GIT_DISCOVERY_ACROSS_FILESYSTEM not set).
2024-02-18 02:42:14.137 [info] > git rev-parse --show-toplevel [1ms]
2024-02-18 02:42:14.137 [info] fatal: not a git repository (or any parent up to mount point /)
Stopping at filesystem boundary (GIT_DISCOVERY_ACROSS_FILESYSTEM not set).
2024-02-18 02:42:17.397 [info] > git rev-parse --show-toplevel [1ms]
2024-02-18 02:42:17.397 [info] fatal: not a git repository (or any parent up to mount point /)
Stopping at filesystem boundary (GIT_DISCOVERY_ACROSS_FILESYSTEM not set).
2024-02-18 02:46:26.035 [info] > git rev-parse --show-toplevel [1ms]
2024-02-18 02:46:26.035 [info] fatal: not a git repository (or any parent up to mount point /)
Stopping at filesystem boundary (GIT_DISCOVERY_ACROSS_FILESYSTEM not set).
2024-02-18 02:46:40.697 [info] > git check-ignore -v -z --stdin [1ms]
2024-02-18 02:46:45.426 [info] > git check-ignore -v -z --stdin [2ms]
