2024-02-19 13:09:36.281 [info] Log level: Info
2024-02-19 13:09:36.281 [info] Validating found git in: "git"
2024-02-19 13:09:36.281 [info] Using git "2.43.2" from "git"
2024-02-19 13:09:36.281 [info] > git rev-parse --show-toplevel [4ms]
2024-02-19 13:09:36.281 [info] fatal: not a git repository (or any parent up to mount point /)
Stopping at filesystem boundary (GIT_DISCOVERY_ACROSS_FILESYSTEM not set).
2024-02-19 13:09:36.281 [info] > git rev-parse --show-toplevel [3ms]
2024-02-19 13:09:36.281 [info] fatal: not a git repository (or any parent up to mount point /)
Stopping at filesystem boundary (GIT_DISCOVERY_ACROSS_FILESYSTEM not set).
2024-02-19 13:09:36.281 [info] > git rev-parse --show-toplevel [5ms]
2024-02-19 13:09:36.281 [info] fatal: not a git repository (or any parent up to mount point /)
Stopping at filesystem boundary (GIT_DISCOVERY_ACROSS_FILESYSTEM not set).
2024-02-19 13:09:36.289 [info] > git rev-parse --show-toplevel [2ms]
2024-02-19 13:09:36.289 [info] fatal: not a git repository (or any parent up to mount point /)
Stopping at filesystem boundary (GIT_DISCOVERY_ACROSS_FILESYSTEM not set).
2024-02-19 13:09:36.297 [info] > git rev-parse --show-toplevel [1ms]
2024-02-19 13:09:36.297 [info] fatal: not a git repository (or any parent up to mount point /)
Stopping at filesystem boundary (GIT_DISCOVERY_ACROSS_FILESYSTEM not set).
2024-02-19 13:09:36.306 [info] > git rev-parse --show-toplevel [2ms]
2024-02-19 13:09:36.306 [info] fatal: not a git repository (or any parent up to mount point /)
Stopping at filesystem boundary (GIT_DISCOVERY_ACROSS_FILESYSTEM not set).
2024-02-19 13:09:36.380 [info] > git rev-parse --show-toplevel [1ms]
2024-02-19 13:09:36.380 [info] fatal: not a git repository (or any parent up to mount point /)
Stopping at filesystem boundary (GIT_DISCOVERY_ACROSS_FILESYSTEM not set).
