2024-02-18 02:48:28.454 [info] Log level: Info
2024-02-18 02:48:28.454 [info] Validating found git in: "git"
2024-02-18 02:48:28.454 [info] Using git "2.43.2" from "git"
2024-02-18 02:48:28.454 [info] > git rev-parse --show-toplevel [2ms]
2024-02-18 02:48:28.454 [info] fatal: not a git repository (or any parent up to mount point /)
Stopping at filesystem boundary (GIT_DISCOVERY_ACROSS_FILESYSTEM not set).
2024-02-18 02:48:28.454 [info] > git rev-parse --show-toplevel [2ms]
2024-02-18 02:48:28.462 [info] > git rev-parse --git-dir --git-common-dir [1ms]
2024-02-18 02:48:28.470 [info] Open repository: /home/yt4a/Nextcloud/Customers/data-muztorg
2024-02-18 02:48:28.485 [info] > git config --get commit.template [7ms]
2024-02-18 02:48:28.488 [info] > git rev-parse --show-toplevel [5ms]
2024-02-18 02:48:28.502 [info] > git for-each-ref --format=%(refname)%00%(upstream:short)%00%(objectname)%00%(upstream:track)%00%(upstream:remotename)%00%(upstream:remoteref) refs/heads/production refs/remotes/production [8ms]
2024-02-18 02:48:28.505 [info] > git rev-parse --git-dir --git-common-dir [4ms]
2024-02-18 02:48:28.508 [info] Open repository: /home/yt4a/Nextcloud/Customers/gpbmobile
2024-02-18 02:48:28.526 [info] > git rev-parse --show-toplevel [2ms]
2024-02-18 02:48:28.527 [info] > git config --get commit.template [8ms]
2024-02-18 02:48:28.547 [info] > git status -z -uall [13ms]
2024-02-18 02:48:28.560 [info] > git for-each-ref --format=%(refname)%00%(upstream:short)%00%(objectname)%00%(upstream:track)%00%(upstream:remotename)%00%(upstream:remoteref) refs/heads/CS-145460 refs/remotes/CS-145460 [14ms]
2024-02-18 02:48:28.561 [info] > git rev-parse --git-dir --git-common-dir [21ms]
2024-02-18 02:48:28.564 [info] Open repository: /home/yt4a/Nextcloud/Customers/open_ru
2024-02-18 02:48:28.578 [info] > git config --get commit.template [18ms]
2024-02-18 02:48:28.579 [info] > git rev-parse --show-toplevel [2ms]
2024-02-18 02:48:28.579 [info] > git config --get commit.template [7ms]
2024-02-18 02:48:28.606 [info] > git status -z -uall [6ms]
2024-02-18 02:48:28.606 [info] > git for-each-ref --format=%(refname)%00%(upstream:short)%00%(objectname)%00%(upstream:track)%00%(upstream:remotename)%00%(upstream:remoteref) refs/heads/production refs/remotes/production [20ms]
2024-02-18 02:48:28.607 [info] > git for-each-ref --format=%(refname)%00%(upstream:short)%00%(objectname)%00%(upstream:track)%00%(upstream:remotename)%00%(upstream:remoteref) refs/heads/main refs/remotes/main [2ms]
2024-02-18 02:48:28.611 [info] > git rev-parse --git-dir --git-common-dir [18ms]
2024-02-18 02:48:28.614 [info] Open repository: /home/yt4a/Nextcloud/Customers/stockmann
2024-02-18 02:48:28.637 [info] > git config --get commit.template [7ms]
2024-02-18 02:48:28.637 [info] > git config --get commit.template [14ms]
2024-02-18 02:48:28.645 [info] > git rev-parse --show-toplevel [9ms]
2024-02-18 02:48:28.645 [info] fatal: not a git repository (or any parent up to mount point /)
Stopping at filesystem boundary (GIT_DISCOVERY_ACROSS_FILESYSTEM not set).
2024-02-18 02:48:28.666 [info] > git status -z -uall [22ms]
2024-02-18 02:48:28.666 [info] > git status -z -uall [15ms]
2024-02-18 02:48:28.666 [info] > git for-each-ref --format=%(refname)%00%(upstream:short)%00%(objectname)%00%(upstream:track)%00%(upstream:remotename)%00%(upstream:remoteref) refs/heads/CS-145460 refs/remotes/CS-145460 [9ms]
2024-02-18 02:48:28.679 [info] > git for-each-ref --format=%(refname)%00%(upstream:short)%00%(objectname)%00%(upstream:track)%00%(upstream:remotename)%00%(upstream:remoteref) refs/heads/production refs/remotes/production [15ms]
2024-02-18 02:48:28.686 [warning] ENOENT: no such file or directory, open '/home/yt4a/Nextcloud/Customers/stockmann/.git/refs/remotes/origin/production'
2024-02-18 02:48:28.687 [info] > git config --get commit.template [9ms]
2024-02-18 02:48:28.702 [info] > git status -z -uall [8ms]
2024-02-18 02:48:28.702 [info] > git rev-parse refs/remotes/origin/production [16ms]
2024-02-18 02:48:28.708 [info] > git for-each-ref --format=%(refname)%00%(upstream:short)%00%(objectname)%00%(upstream:track)%00%(upstream:remotename)%00%(upstream:remoteref) refs/heads/main refs/remotes/main [7ms]
2024-02-18 02:48:28.710 [info] > git status -z -uall [3ms]
2024-02-18 02:48:28.730 [info] > git status -z -uall [5ms]
2024-02-18 02:48:28.730 [info] > git config --get commit.template [11ms]
2024-02-18 02:48:28.732 [info] > git for-each-ref --format=%(refname)%00%(upstream:short)%00%(objectname)%00%(upstream:track)%00%(upstream:remotename)%00%(upstream:remoteref) refs/heads/production refs/remotes/production [3ms]
2024-02-18 02:48:28.738 [warning] ENOENT: no such file or directory, open '/home/yt4a/Nextcloud/Customers/stockmann/.git/refs/remotes/origin/production'
2024-02-18 02:48:28.740 [info] > git rev-parse refs/remotes/origin/production [2ms]
2024-02-18 02:48:28.751 [info] > git status -z -uall [2ms]
2024-02-18 02:48:28.801 [info] > git rev-parse --show-toplevel [1ms]
2024-02-18 02:48:28.801 [info] fatal: not a git repository (or any parent up to mount point /)
Stopping at filesystem boundary (GIT_DISCOVERY_ACROSS_FILESYSTEM not set).
2024-02-18 02:48:28.988 [info] > git rev-parse --show-toplevel [1ms]
2024-02-18 02:48:28.988 [info] fatal: not a git repository (or any parent up to mount point /)
Stopping at filesystem boundary (GIT_DISCOVERY_ACROSS_FILESYSTEM not set).
2024-02-18 02:48:29.161 [info] > git check-ignore -v -z --stdin [17ms]
2024-02-18 02:48:29.162 [info] > git check-ignore -v -z --stdin [12ms]
2024-02-18 02:48:29.162 [info] > git check-ignore -v -z --stdin [7ms]
2024-02-18 02:48:29.162 [info] > git check-ignore -v -z --stdin [2ms]
2024-02-18 02:48:29.828 [info] > git rev-parse --show-toplevel [1ms]
2024-02-18 02:48:29.828 [info] fatal: not a git repository (or any parent up to mount point /)
Stopping at filesystem boundary (GIT_DISCOVERY_ACROSS_FILESYSTEM not set).
